TN:
SF:src/cli.ts
FN:48,(anonymous_10)
FN:65,(anonymous_11)
FN:87,(anonymous_12)
FN:108,(anonymous_13)
FN:116,(anonymous_14)
FN:123,(anonymous_15)
FN:131,(anonymous_16)
FN:138,(anonymous_17)
FN:146,(anonymous_18)
FN:156,(anonymous_19)
FN:176,(anonymous_20)
FN:186,(anonymous_21)
FN:194,(anonymous_22)
FN:203,(anonymous_23)
FN:212,(anonymous_24)
FN:221,(anonymous_25)
FN:229,(anonymous_26)
FN:240,(anonymous_27)
FN:251,(anonymous_28)
FN:262,(anonymous_29)
FN:270,(anonymous_30)
FN:317,(anonymous_31)
FN:401,(anonymous_32)
FN:432,(anonymous_33)
FN:452,(anonymous_34)
FN:492,(anonymous_35)
FN:506,(anonymous_36)
FN:525,(anonymous_37)
FN:549,(anonymous_38)
FN:571,(anonymous_39)
FN:587,(anonymous_40)
FN:611,(anonymous_41)
FN:631,(anonymous_42)
FN:667,(anonymous_43)
FN:686,(anonymous_44)
FN:697,(anonymous_45)
FN:698,(anonymous_46)
FN:699,(anonymous_47)
FN:700,(anonymous_48)
FN:701,(anonymous_49)
FN:723,(anonymous_50)
FN:752,(anonymous_51)
FN:759,(anonymous_52)
FN:784,(anonymous_53)
FN:794,(anonymous_54)
FN:808,(anonymous_55)
FN:909,(anonymous_56)
FN:932,(anonymous_57)
FN:956,(anonymous_58)
FN:984,(anonymous_59)
FN:1017,(anonymous_60)
FN:1029,(anonymous_61)
FN:1063,(anonymous_62)
FN:1103,(anonymous_63)
FN:1172,(anonymous_64)
FN:1212,(anonymous_65)
FN:1220,(anonymous_66)
FN:1258,(anonymous_67)
FN:1270,(anonymous_68)
FN:1272,(anonymous_69)
FN:1281,(anonymous_70)
FN:1282,(anonymous_71)
FN:1288,(anonymous_72)
FN:1377,(anonymous_73)
FN:1393,(anonymous_74)
FN:1401,(anonymous_75)
FN:1407,(anonymous_76)
FN:1425,(anonymous_77)
FN:1435,(anonymous_78)
FN:1441,(anonymous_79)
FN:1514,(anonymous_80)
FN:1524,(anonymous_81)
FN:1530,(anonymous_82)
FN:1545,(anonymous_83)
FN:1580,(anonymous_84)
FN:1594,(anonymous_85)
FN:1618,(anonymous_86)
FN:1623,(anonymous_87)
FN:1637,(anonymous_88)
FN:1654,(anonymous_89)
FN:1674,(anonymous_90)
FN:1682,(anonymous_91)
FN:1688,(anonymous_92)
FN:1704,(anonymous_93)
FN:1713,(anonymous_94)
FN:1719,(anonymous_95)
FN:1740,(anonymous_96)
FN:1746,(anonymous_97)
FN:1756,(anonymous_98)
FN:1763,(anonymous_99)
FN:1769,(anonymous_100)
FN:1782,(anonymous_101)
FN:1789,(anonymous_102)
FN:1796,(anonymous_103)
FN:1802,(anonymous_104)
FN:1833,(anonymous_105)
FN:1837,(anonymous_106)
FN:1856,(anonymous_107)
FN:1872,(anonymous_108)
FN:1897,(anonymous_109)
FN:1922,(anonymous_110)
FN:1938,(anonymous_111)
FN:1954,(anonymous_112)
FN:2005,(anonymous_113)
FN:2021,(anonymous_114)
FN:2042,(anonymous_115)
FN:2058,(anonymous_116)
FN:2062,(anonymous_117)
FN:2095,(anonymous_118)
FN:2106,(anonymous_119)
FN:2122,(anonymous_120)
FN:2138,(anonymous_121)
FN:2142,(anonymous_122)
FN:2143,(anonymous_123)
FN:2161,(anonymous_124)
FNF:115
FNH:0
FNDA:0,(anonymous_10)
FNDA:0,(anonymous_11)
FNDA:0,(anonymous_12)
FNDA:0,(anonymous_13)
FNDA:0,(anonymous_14)
FNDA:0,(anonymous_15)
FNDA:0,(anonymous_16)
FNDA:0,(anonymous_17)
FNDA:0,(anonymous_18)
FNDA:0,(anonymous_19)
FNDA:0,(anonymous_20)
FNDA:0,(anonymous_21)
FNDA:0,(anonymous_22)
FNDA:0,(anonymous_23)
FNDA:0,(anonymous_24)
FNDA:0,(anonymous_25)
FNDA:0,(anonymous_26)
FNDA:0,(anonymous_27)
FNDA:0,(anonymous_28)
FNDA:0,(anonymous_29)
FNDA:0,(anonymous_30)
FNDA:0,(anonymous_31)
FNDA:0,(anonymous_32)
FNDA:0,(anonymous_33)
FNDA:0,(anonymous_34)
FNDA:0,(anonymous_35)
FNDA:0,(anonymous_36)
FNDA:0,(anonymous_37)
FNDA:0,(anonymous_38)
FNDA:0,(anonymous_39)
FNDA:0,(anonymous_40)
FNDA:0,(anonymous_41)
FNDA:0,(anonymous_42)
FNDA:0,(anonymous_43)
FNDA:0,(anonymous_44)
FNDA:0,(anonymous_45)
FNDA:0,(anonymous_46)
FNDA:0,(anonymous_47)
FNDA:0,(anonymous_48)
FNDA:0,(anonymous_49)
FNDA:0,(anonymous_50)
FNDA:0,(anonymous_51)
FNDA:0,(anonymous_52)
FNDA:0,(anonymous_53)
FNDA:0,(anonymous_54)
FNDA:0,(anonymous_55)
FNDA:0,(anonymous_56)
FNDA:0,(anonymous_57)
FNDA:0,(anonymous_58)
FNDA:0,(anonymous_59)
FNDA:0,(anonymous_60)
FNDA:0,(anonymous_61)
FNDA:0,(anonymous_62)
FNDA:0,(anonymous_63)
FNDA:0,(anonymous_64)
FNDA:0,(anonymous_65)
FNDA:0,(anonymous_66)
FNDA:0,(anonymous_67)
FNDA:0,(anonymous_68)
FNDA:0,(anonymous_69)
FNDA:0,(anonymous_70)
FNDA:0,(anonymous_71)
FNDA:0,(anonymous_72)
FNDA:0,(anonymous_73)
FNDA:0,(anonymous_74)
FNDA:0,(anonymous_75)
FNDA:0,(anonymous_76)
FNDA:0,(anonymous_77)
FNDA:0,(anonymous_78)
FNDA:0,(anonymous_79)
FNDA:0,(anonymous_80)
FNDA:0,(anonymous_81)
FNDA:0,(anonymous_82)
FNDA:0,(anonymous_83)
FNDA:0,(anonymous_84)
FNDA:0,(anonymous_85)
FNDA:0,(anonymous_86)
FNDA:0,(anonymous_87)
FNDA:0,(anonymous_88)
FNDA:0,(anonymous_89)
FNDA:0,(anonymous_90)
FNDA:0,(anonymous_91)
FNDA:0,(anonymous_92)
FNDA:0,(anonymous_93)
FNDA:0,(anonymous_94)
FNDA:0,(anonymous_95)
FNDA:0,(anonymous_96)
FNDA:0,(anonymous_97)
FNDA:0,(anonymous_98)
FNDA:0,(anonymous_99)
FNDA:0,(anonymous_100)
FNDA:0,(anonymous_101)
FNDA:0,(anonymous_102)
FNDA:0,(anonymous_103)
FNDA:0,(anonymous_104)
FNDA:0,(anonymous_105)
FNDA:0,(anonymous_106)
FNDA:0,(anonymous_107)
FNDA:0,(anonymous_108)
FNDA:0,(anonymous_109)
FNDA:0,(anonymous_110)
FNDA:0,(anonymous_111)
FNDA:0,(anonymous_112)
FNDA:0,(anonymous_113)
FNDA:0,(anonymous_114)
FNDA:0,(anonymous_115)
FNDA:0,(anonymous_116)
FNDA:0,(anonymous_117)
FNDA:0,(anonymous_118)
FNDA:0,(anonymous_119)
FNDA:0,(anonymous_120)
FNDA:0,(anonymous_121)
FNDA:0,(anonymous_122)
FNDA:0,(anonymous_123)
FNDA:0,(anonymous_124)
DA:6,0
DA:7,0
DA:8,0
DA:9,0
DA:10,0
DA:11,0
DA:12,0
DA:15,0
DA:16,0
DA:17,0
DA:18,0
DA:19,0
DA:20,0
DA:21,0
DA:22,0
DA:23,0
DA:35,0
DA:37,0
DA:38,0
DA:49,0
DA:50,0
DA:51,0
DA:52,0
DA:53,0
DA:54,0
DA:55,0
DA:56,0
DA:57,0
DA:58,0
DA:59,0
DA:66,0
DA:71,0
DA:72,0
DA:73,0
DA:74,0
DA:75,0
DA:76,0
DA:77,0
DA:78,0
DA:79,0
DA:80,0
DA:81,0
DA:88,0
DA:90,0
DA:109,0
DA:117,0
DA:124,0
DA:132,0
DA:139,0
DA:147,0
DA:152,0
DA:157,0
DA:161,0
DA:177,0
DA:181,0
DA:187,0
DA:191,0
DA:195,0
DA:199,0
DA:204,0
DA:208,0
DA:213,0
DA:217,0
DA:222,0
DA:230,0
DA:235,0
DA:241,0
DA:245,0
DA:252,0
DA:256,0
DA:263,0
DA:271,0
DA:272,0
DA:273,0
DA:274,0
DA:276,0
DA:277,0
DA:278,0
DA:279,0
DA:282,0
DA:284,0
DA:285,0
DA:286,0
DA:288,0
DA:290,0
DA:291,0
DA:292,0
DA:293,0
DA:294,0
DA:296,0
DA:297,0
DA:299,0
DA:303,0
DA:304,0
DA:307,0
DA:310,0
DA:318,0
DA:319,0
DA:322,0
DA:324,0
DA:326,0
DA:327,0
DA:329,0
DA:330,0
DA:333,0
DA:334,0
DA:336,0
DA:337,0
DA:340,0
DA:341,0
DA:343,0
DA:344,0
DA:345,0
DA:346,0
DA:347,0
DA:350,0
DA:351,0
DA:353,0
DA:354,0
DA:355,0
DA:358,0
DA:361,0
DA:371,0
DA:372,0
DA:373,0
DA:379,0
DA:382,0
DA:383,0
DA:386,0
DA:387,0
DA:388,0
DA:391,0
DA:394,0
DA:402,0
DA:403,0
DA:405,0
DA:406,0
DA:407,0
DA:410,0
DA:411,0
DA:412,0
DA:413,0
DA:416,0
DA:417,0
DA:418,0
DA:419,0
DA:421,0
DA:425,0
DA:433,0
DA:434,0
DA:436,0
DA:437,0
DA:438,0
DA:439,0
DA:441,0
DA:445,0
DA:453,0
DA:454,0
DA:456,0
DA:457,0
DA:458,0
DA:461,0
DA:463,0
DA:468,0
DA:470,0
DA:471,0
DA:472,0
DA:474,0
DA:475,0
DA:478,0
DA:480,0
DA:481,0
DA:485,0
DA:493,0
DA:494,0
DA:496,0
DA:498,0
DA:500,0
DA:501,0
DA:504,0
DA:505,0
DA:506,0
DA:507,0
DA:511,0
DA:518,0
DA:526,0
DA:527,0
DA:529,0
DA:531,0
DA:533,0
DA:535,0
DA:536,0
DA:539,0
DA:542,0
DA:550,0
DA:551,0
DA:552,0
DA:555,0
DA:557,0
DA:558,0
DA:559,0
DA:562,0
DA:564,0
DA:565,0
DA:567,0
DA:569,0
DA:570,0
DA:571,0
DA:572,0
DA:573,0
DA:574,0
DA:575,0
DA:577,0
DA:578,0
DA:579,0
DA:581,0
DA:585,0
DA:586,0
DA:587,0
DA:588,0
DA:590,0
DA:593,0
DA:594,0
DA:597,0
DA:604,0
DA:612,0
DA:613,0
DA:614,0
DA:617,0
DA:619,0
DA:620,0
DA:621,0
DA:624,0
DA:627,0
DA:630,0
DA:631,0
DA:632,0
DA:633,0
DA:635,0
DA:638,0
DA:640,0
DA:641,0
DA:642,0
DA:644,0
DA:645,0
DA:647,0
DA:648,0
DA:651,0
DA:653,0
DA:660,0
DA:668,0
DA:669,0
DA:670,0
DA:673,0
DA:675,0
DA:676,0
DA:677,0
DA:680,0
DA:681,0
DA:683,0
DA:684,0
DA:686,0
DA:687,0
DA:690,0
DA:697,0
DA:698,0
DA:699,0
DA:700,0
DA:701,0
DA:705,0
DA:706,0
DA:708,0
DA:709,0
DA:710,0
DA:712,0
DA:713,0
DA:714,0
DA:715,0
DA:716,0
DA:717,0
DA:719,0
DA:721,0
DA:722,0
DA:723,0
DA:724,0
DA:725,0
DA:726,0
DA:727,0
DA:728,0
DA:730,0
DA:731,0
DA:732,0
DA:738,0
DA:745,0
DA:753,0
DA:757,0
DA:759,0
DA:760,0
DA:761,0
DA:763,0
DA:764,0
DA:765,0
DA:766,0
DA:767,0
DA:768,0
DA:770,0
DA:773,0
DA:774,0
DA:777,0
DA:778,0
DA:785,0
DA:786,0
DA:787,0
DA:788,0
DA:795,0
DA:796,0
DA:797,0
DA:798,0
DA:799,0
DA:800,0
DA:801,0
DA:809,0
DA:810,0
DA:811,0
DA:812,0
DA:813,0
DA:814,0
DA:818,0
DA:819,0
DA:820,0
DA:824,0
DA:825,0
DA:826,0
DA:834,0
DA:847,0
DA:870,0
DA:871,0
DA:872,0
DA:876,0
DA:878,0
DA:879,0
DA:880,0
DA:881,0
DA:882,0
DA:884,0
DA:885,0
DA:888,0
DA:895,0
DA:896,0
DA:898,0
DA:910,0
DA:911,0
DA:912,0
DA:916,0
DA:917,0
DA:918,0
DA:925,0
DA:927,0
DA:928,0
DA:929,0
DA:931,0
DA:932,0
DA:933,0
DA:937,0
DA:945,0
DA:946,0
DA:957,0
DA:958,0
DA:961,0
DA:963,0
DA:965,0
DA:973,0
DA:974,0
DA:985,0
DA:986,0
DA:992,0
DA:993,0
DA:994,0
DA:1002,0
DA:1003,0
DA:1004,0
DA:1011,0
DA:1018,0
DA:1019,0
DA:1020,0
DA:1022,0
DA:1034,0
DA:1036,0
DA:1037,0
DA:1038,0
DA:1039,0
DA:1040,0
DA:1044,0
DA:1047,0
DA:1049,0
DA:1050,0
DA:1053,0
DA:1055,0
DA:1056,0
DA:1057,0
DA:1058,0
DA:1059,0
DA:1061,0
DA:1062,0
DA:1063,0
DA:1064,0
DA:1069,0
DA:1086,0
DA:1088,0
DA:1104,0
DA:1106,0
DA:1107,0
DA:1108,0
DA:1112,0
DA:1117,0
DA:1118,0
DA:1121,0
DA:1123,0
DA:1124,0
DA:1125,0
DA:1129,0
DA:1131,0
DA:1132,0
DA:1136,0
DA:1138,0
DA:1140,0
DA:1155,0
DA:1157,0
DA:1173,0
DA:1174,0
DA:1175,0
DA:1179,0
DA:1187,0
DA:1188,0
DA:1191,0
DA:1194,0
DA:1213,0
DA:1214,0
DA:1221,0
DA:1223,0
DA:1229,0
DA:1230,0
DA:1231,0
DA:1232,0
DA:1237,0
DA:1238,0
DA:1241,0
DA:1242,0
DA:1243,0
DA:1244,0
DA:1248,0
DA:1251,0
DA:1260,0
DA:1261,0
DA:1264,0
DA:1271,0
DA:1272,0
DA:1273,0
DA:1275,0
DA:1282,0
DA:1289,0
DA:1290,0
DA:1291,0
DA:1292,0
DA:1293,0
DA:1294,0
DA:1295,0
DA:1296,0
DA:1298,0
DA:1305,0
DA:1306,0
DA:1308,0
DA:1309,0
DA:1317,0
DA:1318,0
DA:1319,0
DA:1322,0
DA:1324,0
DA:1329,0
DA:1331,0
DA:1338,0
DA:1339,0
DA:1345,0
DA:1346,0
DA:1352,0
DA:1353,0
DA:1360,0
DA:1367,0
DA:1378,0
DA:1382,0
DA:1393,0
DA:1395,0
DA:1401,0
DA:1408,0
DA:1412,0
DA:1425,0
DA:1427,0
DA:1435,0
DA:1442,0
DA:1443,0
DA:1444,0
DA:1445,0
DA:1446,0
DA:1447,0
DA:1448,0
DA:1449,0
DA:1453,0
DA:1454,0
DA:1457,0
DA:1458,0
DA:1459,0
DA:1460,0
DA:1461,0
DA:1462,0
DA:1463,0
DA:1464,0
DA:1468,0
DA:1498,0
DA:1500,0
DA:1501,0
DA:1503,0
DA:1504,0
DA:1505,0
DA:1506,0
DA:1507,0
DA:1508,0
DA:1509,0
DA:1510,0
DA:1512,0
DA:1513,0
DA:1514,0
DA:1515,0
DA:1518,0
DA:1522,0
DA:1523,0
DA:1524,0
DA:1525,0
DA:1529,0
DA:1530,0
DA:1531,0
DA:1538,0
DA:1546,0
DA:1547,0
DA:1549,0
DA:1550,0
DA:1552,0
DA:1565,0
DA:1567,0
DA:1568,0
DA:1575,0
DA:1576,0
DA:1577,0
DA:1579,0
DA:1580,0
DA:1581,0
DA:1587,0
DA:1595,0
DA:1596,0
DA:1598,0
DA:1599,0
DA:1601,0
DA:1613,0
DA:1615,0
DA:1616,0
DA:1617,0
DA:1618,0
DA:1619,0
DA:1622,0
DA:1623,0
DA:1624,0
DA:1630,0
DA:1638,0
DA:1639,0
DA:1643,0
DA:1647,0
DA:1655,0
DA:1659,0
DA:1674,0
DA:1676,0
DA:1682,0
DA:1689,0
DA:1693,0
DA:1704,0
DA:1706,0
DA:1713,0
DA:1720,0
DA:1724,0
DA:1740,0
DA:1742,0
DA:1746,0
DA:1748,0
DA:1756,0
DA:1758,0
DA:1763,0
DA:1770,0
DA:1774,0
DA:1782,0
DA:1784,0
DA:1789,0
DA:1791,0
DA:1796,0
DA:1803,0
DA:1804,0
DA:1806,0
DA:1819,0
DA:1820,0
DA:1821,0
DA:1822,0
DA:1826,0
DA:1827,0
DA:1828,0
DA:1829,0
DA:1833,0
DA:1834,0
DA:1837,0
DA:1838,0
DA:1839,0
DA:1843,0
DA:1845,0
DA:1846,0
DA:1847,0
DA:1848,0
DA:1849,0
DA:1851,0
DA:1852,0
DA:1855,0
DA:1856,0
DA:1859,0
DA:1860,0
DA:1865,0
DA:1873,0
DA:1874,0
DA:1875,0
DA:1876,0
DA:1877,0
DA:1878,0
DA:1881,0
DA:1882,0
DA:1883,0
DA:1885,0
DA:1890,0
DA:1898,0
DA:1899,0
DA:1901,0
DA:1911,0
DA:1913,0
DA:1915,0
DA:1916,0
DA:1917,0
DA:1918,0
DA:1919,0
DA:1921,0
DA:1922,0
DA:1925,0
DA:1926,0
DA:1931,0
DA:1939,0
DA:1940,0
DA:1943,0
DA:1947,0
DA:1955,0
DA:1956,0
DA:1958,0
DA:1980,0
DA:1981,0
DA:1983,0
DA:1985,0
DA:1986,0
DA:1987,0
DA:1988,0
DA:1991,0
DA:1992,0
DA:1998,0
DA:2006,0
DA:2007,0
DA:2010,0
DA:2014,0
DA:2022,0
DA:2023,0
DA:2024,0
DA:2028,0
DA:2029,0
DA:2035,0
DA:2043,0
DA:2044,0
DA:2047,0
DA:2051,0
DA:2059,0
DA:2060,0
DA:2062,0
DA:2071,0
DA:2091,0
DA:2093,0
DA:2094,0
DA:2095,0
DA:2099,0
DA:2107,0
DA:2108,0
DA:2111,0
DA:2115,0
DA:2123,0
DA:2124,0
DA:2127,0
DA:2131,0
DA:2139,0
DA:2141,0
DA:2142,0
DA:2143,0
DA:2144,0
DA:2145,0
DA:2155,0
DA:2164,0
LF:712
LH:0
BRDA:276,0,0,0
BRDA:286,1,0,0
BRDA:286,1,1,0
BRDA:290,2,0,0
BRDA:291,3,0,0
BRDA:291,3,1,0
BRDA:293,4,0,0
BRDA:296,5,0,0
BRDA:303,6,0,0
BRDA:303,7,0,0
BRDA:303,7,1,0
BRDA:310,8,0,0
BRDA:310,8,1,0
BRDA:324,9,0,0
BRDA:324,9,1,0
BRDA:324,9,2,0
BRDA:324,9,3,0
BRDA:324,9,4,0
BRDA:326,10,0,0
BRDA:333,11,0,0
BRDA:340,12,0,0
BRDA:340,13,0,0
BRDA:340,13,1,0
BRDA:345,14,0,0
BRDA:346,15,0,0
BRDA:350,16,0,0
BRDA:350,17,0,0
BRDA:350,17,1,0
BRDA:372,18,0,0
BRDA:382,19,0,0
BRDA:387,20,0,0
BRDA:394,21,0,0
BRDA:394,21,1,0
BRDA:406,22,0,0
BRDA:410,23,0,0
BRDA:417,24,0,0
BRDA:417,24,1,0
BRDA:425,25,0,0
BRDA:425,25,1,0
BRDA:437,26,0,0
BRDA:437,26,1,0
BRDA:445,27,0,0
BRDA:445,27,1,0
BRDA:457,28,0,0
BRDA:470,29,0,0
BRDA:470,29,1,0
BRDA:474,30,0,0
BRDA:481,31,0,0
BRDA:481,31,1,0
BRDA:485,32,0,0
BRDA:485,32,1,0
BRDA:500,33,0,0
BRDA:504,34,0,0
BRDA:518,35,0,0
BRDA:518,35,1,0
BRDA:535,36,0,0
BRDA:542,37,0,0
BRDA:542,37,1,0
BRDA:551,38,0,0
BRDA:558,39,0,0
BRDA:558,40,0,0
BRDA:558,40,1,0
BRDA:559,41,0,0
BRDA:559,41,1,0
BRDA:564,42,0,0
BRDA:564,42,1,0
BRDA:569,43,0,0
BRDA:574,44,0,0
BRDA:578,45,0,0
BRDA:585,46,0,0
BRDA:593,47,0,0
BRDA:593,47,1,0
BRDA:599,48,0,0
BRDA:599,48,1,0
BRDA:604,49,0,0
BRDA:604,49,1,0
BRDA:613,50,0,0
BRDA:620,51,0,0
BRDA:620,52,0,0
BRDA:620,52,1,0
BRDA:621,53,0,0
BRDA:621,53,1,0
BRDA:632,54,0,0
BRDA:660,55,0,0
BRDA:660,55,1,0
BRDA:669,56,0,0
BRDA:676,57,0,0
BRDA:676,58,0,0
BRDA:676,58,1,0
BRDA:677,59,0,0
BRDA:677,59,1,0
BRDA:705,60,0,0
BRDA:705,60,1,0
BRDA:710,61,0,0
BRDA:710,61,1,0
BRDA:721,62,0,0
BRDA:721,63,0,0
BRDA:721,63,1,0
BRDA:727,64,0,0
BRDA:731,65,0,0
BRDA:745,66,0,0
BRDA:745,66,1,0
BRDA:753,67,0,0
BRDA:753,67,1,0
BRDA:763,68,0,0
BRDA:763,68,1,0
BRDA:766,69,0,0
BRDA:766,69,1,0
BRDA:785,70,0,0
BRDA:786,71,0,0
BRDA:787,72,0,0
BRDA:795,73,0,0
BRDA:795,73,1,0
BRDA:795,73,2,0
BRDA:795,73,3,0
BRDA:795,73,4,0
BRDA:795,73,5,0
BRDA:810,74,0,0
BRDA:819,75,0,0
BRDA:825,76,0,0
BRDA:852,77,0,0
BRDA:852,77,1,0
BRDA:870,78,0,0
BRDA:878,79,0,0
BRDA:878,79,1,0
BRDA:890,80,0,0
BRDA:890,80,1,0
BRDA:890,81,0,0
BRDA:890,81,1,0
BRDA:895,82,0,0
BRDA:895,82,1,0
BRDA:911,83,0,0
BRDA:917,84,0,0
BRDA:927,85,0,0
BRDA:927,85,1,0
BRDA:945,86,0,0
BRDA:945,86,1,0
BRDA:973,87,0,0
BRDA:973,87,1,0
BRDA:985,88,0,0
BRDA:993,89,0,0
BRDA:1003,90,0,0
BRDA:1003,91,0,0
BRDA:1003,91,1,0
BRDA:1032,92,0,0
BRDA:1037,93,0,0
BRDA:1049,94,0,0
BRDA:1055,95,0,0
BRDA:1061,96,0,0
BRDA:1095,97,0,0
BRDA:1095,97,1,0
BRDA:1107,98,0,0
BRDA:1117,99,0,0
BRDA:1117,100,0,0
BRDA:1117,100,1,0
BRDA:1118,101,0,0
BRDA:1118,101,1,0
BRDA:1123,102,0,0
BRDA:1131,103,0,0
BRDA:1146,104,0,0
BRDA:1146,104,1,0
BRDA:1163,105,0,0
BRDA:1163,105,1,0
BRDA:1164,106,0,0
BRDA:1164,106,1,0
BRDA:1174,107,0,0
BRDA:1187,108,0,0
BRDA:1196,109,0,0
BRDA:1196,109,1,0
BRDA:1221,110,0,0
BRDA:1230,111,0,0
BRDA:1237,112,0,0
BRDA:1237,113,0,0
BRDA:1237,113,1,0
BRDA:1242,114,0,0
BRDA:1242,114,1,0
BRDA:1260,115,0,0
BRDA:1260,116,0,0
BRDA:1260,116,1,0
BRDA:1260,116,2,0
BRDA:1290,117,0,0
BRDA:1308,118,0,0
BRDA:1308,119,0,0
BRDA:1308,119,1,0
BRDA:1308,119,2,0
BRDA:1322,120,0,0
BRDA:1322,121,0,0
BRDA:1322,121,1,0
BRDA:1329,122,0,0
BRDA:1329,123,0,0
BRDA:1329,123,1,0
BRDA:1329,123,2,0
BRDA:1338,124,0,0
BRDA:1341,125,0,0
BRDA:1341,125,1,0
BRDA:1345,126,0,0
BRDA:1352,127,0,0
BRDA:1362,128,0,0
BRDA:1362,128,1,0
BRDA:1369,129,0,0
BRDA:1369,129,1,0
BRDA:1443,130,0,0
BRDA:1448,131,0,0
BRDA:1458,132,0,0
BRDA:1461,133,0,0
BRDA:1488,134,0,0
BRDA:1488,134,1,0
BRDA:1500,135,0,0
BRDA:1500,135,1,0
BRDA:1503,136,0,0
BRDA:1503,136,1,0
BRDA:1512,137,0,0
BRDA:1515,138,0,0
BRDA:1515,138,1,0
BRDA:1516,139,0,0
BRDA:1516,139,1,0
BRDA:1517,140,0,0
BRDA:1517,140,1,0
BRDA:1522,141,0,0
BRDA:1538,142,0,0
BRDA:1538,142,1,0
BRDA:1567,143,0,0
BRDA:1567,143,1,0
BRDA:1575,144,0,0
BRDA:1575,144,1,0
BRDA:1587,145,0,0
BRDA:1587,145,1,0
BRDA:1615,146,0,0
BRDA:1615,146,1,0
BRDA:1630,147,0,0
BRDA:1630,147,1,0
BRDA:1647,148,0,0
BRDA:1647,148,1,0
BRDA:1810,149,0,0
BRDA:1810,149,1,0
BRDA:1811,150,0,0
BRDA:1811,150,1,0
BRDA:1819,151,0,0
BRDA:1822,152,0,0
BRDA:1822,152,1,0
BRDA:1826,153,0,0
BRDA:1828,154,0,0
BRDA:1828,155,0,0
BRDA:1828,155,1,0
BRDA:1838,156,0,0
BRDA:1845,157,0,0
BRDA:1845,157,1,0
BRDA:1851,158,0,0
BRDA:1859,159,0,0
BRDA:1865,160,0,0
BRDA:1865,160,1,0
BRDA:1874,161,0,0
BRDA:1881,162,0,0
BRDA:1890,163,0,0
BRDA:1890,163,1,0
BRDA:1904,164,0,0
BRDA:1904,164,1,0
BRDA:1915,165,0,0
BRDA:1915,165,1,0
BRDA:1925,166,0,0
BRDA:1931,167,0,0
BRDA:1931,167,1,0
BRDA:1947,168,0,0
BRDA:1947,168,1,0
BRDA:1961,169,0,0
BRDA:1961,169,1,0
BRDA:1991,170,0,0
BRDA:1998,171,0,0
BRDA:1998,171,1,0
BRDA:2014,172,0,0
BRDA:2014,172,1,0
BRDA:2023,173,0,0
BRDA:2028,174,0,0
BRDA:2035,175,0,0
BRDA:2035,175,1,0
BRDA:2051,176,0,0
BRDA:2051,176,1,0
BRDA:2099,177,0,0
BRDA:2099,177,1,0
BRDA:2115,178,0,0
BRDA:2115,178,1,0
BRDA:2131,179,0,0
BRDA:2131,179,1,0
BRDA:2141,180,0,0
BRDA:2144,181,0,0
BRF:285
BRH:0
end_of_record
TN:
SF:src/index.ts
FN:8,(anonymous_4)
FN:12,(anonymous_5)
FN:14,(anonymous_6)
FN:15,(anonymous_7)
FN:16,(anonymous_8)
FN:17,(anonymous_9)
FN:18,(anonymous_10)
FN:19,(anonymous_11)
FN:20,(anonymous_12)
FNF:9
FNH:0
FNDA:0,(anonymous_4)
FNDA:0,(anonymous_5)
FNDA:0,(anonymous_6)
FNDA:0,(anonymous_7)
FNDA:0,(anonymous_8)
FNDA:0,(anonymous_9)
FNDA:0,(anonymous_10)
FNDA:0,(anonymous_11)
FNDA:0,(anonymous_12)
DA:7,0
DA:8,0
DA:12,0
DA:14,0
DA:15,0
DA:16,0
DA:17,0
DA:18,0
DA:19,0
DA:20,0
DA:23,0
DA:37,0
DA:38,0
DA:41,0
LF:14
LH:0
BRF:0
BRH:0
end_of_record
TN:
SF:src/types.ts
FN:154,(anonymous_0)
FN:285,(anonymous_1)
FN:296,(anonymous_2)
FN:303,(anonymous_3)
FN:310,(anonymous_4)
FN:317,(anonymous_5)
FNF:6
FNH:3
FNDA:1,(anonymous_0)
FNDA:1,(anonymous_1)
FNDA:0,(anonymous_2)
FNDA:0,(anonymous_3)
FNDA:0,(anonymous_4)
FNDA:1,(anonymous_5)
DA:154,1
DA:155,1
DA:156,1
DA:157,1
DA:158,1
DA:284,1
DA:287,1
DA:288,1
DA:290,1
DA:291,1
DA:295,1
DA:297,0
DA:298,0
DA:302,1
DA:304,0
DA:305,0
DA:309,1
DA:311,0
DA:312,0
DA:316,1
DA:318,1
DA:319,1
LF:22
LH:16
BRDA:154,0,0,1
BRDA:154,0,1,1
BRF:2
BRH:2
end_of_record
TN:
SF:src/auth/auth-provider.ts
FN:39,(anonymous_0)
FN:56,(anonymous_1)
FN:60,(anonymous_2)
FN:75,(anonymous_3)
FN:80,(anonymous_4)
FN:102,(anonymous_5)
FN:108,(anonymous_6)
FN:127,(anonymous_7)
FN:132,(anonymous_8)
FN:161,(anonymous_9)
FN:189,(anonymous_10)
FN:193,(anonymous_11)
FN:202,(anonymous_12)
FN:204,(anonymous_13)
FN:205,(anonymous_14)
FN:218,(anonymous_15)
FN:237,(anonymous_16)
FN:241,(anonymous_17)
FN:255,(anonymous_18)
FNF:19
FNH:0
FNDA:0,(anonymous_0)
FNDA:0,(anonymous_1)
FNDA:0,(anonymous_2)
FNDA:0,(anonymous_3)
FNDA:0,(anonymous_4)
FNDA:0,(anonymous_5)
FNDA:0,(anonymous_6)
FNDA:0,(anonymous_7)
FNDA:0,(anonymous_8)
FNDA:0,(anonymous_9)
FNDA:0,(anonymous_10)
FNDA:0,(anonymous_11)
FNDA:0,(anonymous_12)
FNDA:0,(anonymous_13)
FNDA:0,(anonymous_14)
FNDA:0,(anonymous_15)
FNDA:0,(anonymous_16)
FNDA:0,(anonymous_17)
FNDA:0,(anonymous_18)
DA:38,0
DA:40,0
DA:41,0
DA:48,0
DA:57,0
DA:61,0
DA:62,0
DA:65,0
DA:71,0
DA:76,0
DA:77,0
DA:81,0
DA:82,0
DA:89,0
DA:91,0
DA:92,0
DA:96,0
DA:103,0
DA:109,0
DA:110,0
DA:113,0
DA:114,0
DA:119,0
DA:123,0
DA:128,0
DA:129,0
DA:133,0
DA:134,0
DA:141,0
DA:143,0
DA:145,0
DA:153,0
DA:162,0
DA:163,0
DA:170,0
DA:171,0
DA:173,0
DA:181,0
DA:190,0
DA:194,0
DA:195,0
DA:196,0
DA:199,0
DA:204,0
DA:205,0
DA:206,0
DA:217,0
DA:219,0
DA:220,0
DA:227,0
DA:229,0
DA:238,0
DA:242,0
DA:243,0
DA:246,0
DA:248,0
DA:254,0
DA:256,0
DA:258,0
DA:261,0
DA:267,0
DA:272,0
DA:275,0
LF:63
LH:0
BRDA:40,0,0,0
BRDA:57,1,0,0
BRDA:57,1,1,0
BRDA:61,2,0,0
BRDA:75,3,0,0
BRDA:75,4,0,0
BRDA:81,5,0,0
BRDA:91,6,0,0
BRDA:103,7,0,0
BRDA:103,7,1,0
BRDA:109,8,0,0
BRDA:113,9,0,0
BRDA:127,10,0,0
BRDA:133,11,0,0
BRDA:133,12,0,0
BRDA:133,12,1,0
BRDA:156,13,0,0
BRDA:156,13,1,0
BRDA:162,14,0,0
BRDA:184,15,0,0
BRDA:184,15,1,0
BRDA:190,16,0,0
BRDA:190,16,1,0
BRDA:195,17,0,0
BRDA:196,18,0,0
BRDA:196,18,1,0
BRDA:210,19,0,0
BRDA:210,19,1,0
BRDA:219,20,0,0
BRDA:219,21,0,0
BRDA:219,21,1,0
BRDA:238,22,0,0
BRDA:238,22,1,0
BRDA:242,23,0,0
BRDA:242,24,0,0
BRDA:242,24,1,0
BRDA:256,25,0,0
BRDA:256,25,1,0
BRDA:256,25,2,0
BRDA:256,25,3,0
BRDA:256,25,4,0
BRDA:262,26,0,0
BRDA:262,26,1,0
BRDA:263,27,0,0
BRDA:263,27,1,0
BRDA:268,28,0,0
BRDA:268,28,1,0
BRF:47
BRH:0
end_of_record
TN:
SF:src/auth/credential-manager.ts
FN:31,(anonymous_9)
FN:39,(anonymous_10)
FN:52,(anonymous_11)
FN:71,(anonymous_12)
FN:89,(anonymous_13)
FN:92,(anonymous_14)
FN:100,(anonymous_15)
FN:121,(anonymous_16)
FN:136,(anonymous_17)
FN:149,(anonymous_18)
FN:196,(anonymous_19)
FN:247,(anonymous_20)
FN:282,(anonymous_21)
FN:319,(anonymous_22)
FN:327,(anonymous_23)
FN:340,(anonymous_24)
FN:363,(anonymous_25)
FN:368,(anonymous_26)
FN:393,(anonymous_27)
FNF:19
FNH:0
FNDA:0,(anonymous_9)
FNDA:0,(anonymous_10)
FNDA:0,(anonymous_11)
FNDA:0,(anonymous_12)
FNDA:0,(anonymous_13)
FNDA:0,(anonymous_14)
FNDA:0,(anonymous_15)
FNDA:0,(anonymous_16)
FNDA:0,(anonymous_17)
FNDA:0,(anonymous_18)
FNDA:0,(anonymous_19)
FNDA:0,(anonymous_20)
FNDA:0,(anonymous_21)
FNDA:0,(anonymous_22)
FNDA:0,(anonymous_23)
FNDA:0,(anonymous_24)
FNDA:0,(anonymous_25)
FNDA:0,(anonymous_26)
FNDA:0,(anonymous_27)
DA:6,0
DA:7,0
DA:8,0
DA:27,0
DA:32,0
DA:33,0
DA:40,0
DA:41,0
DA:42,0
DA:45,0
DA:53,0
DA:55,0
DA:56,0
DA:60,0
DA:61,0
DA:63,0
DA:65,0
DA:72,0
DA:74,0
DA:75,0
DA:76,0
DA:80,0
DA:81,0
DA:83,0
DA:90,0
DA:92,0
DA:93,0
DA:101,0
DA:103,0
DA:104,0
DA:107,0
DA:110,0
DA:111,0
DA:114,0
DA:115,0
DA:122,0
DA:124,0
DA:125,0
DA:128,0
DA:129,0
DA:130,0
DA:137,0
DA:139,0
DA:140,0
DA:143,0
DA:151,0
DA:152,0
DA:153,0
DA:154,0
DA:155,0
DA:156,0
DA:158,0
DA:159,0
DA:161,0
DA:162,0
DA:163,0
DA:164,0
DA:165,0
DA:166,0
DA:167,0
DA:168,0
DA:169,0
DA:170,0
DA:171,0
DA:172,0
DA:173,0
DA:174,0
DA:175,0
DA:176,0
DA:177,0
DA:178,0
DA:180,0
DA:183,0
DA:197,0
DA:199,0
DA:200,0
DA:203,0
DA:205,0
DA:206,0
DA:208,0
DA:211,0
DA:212,0
DA:214,0
DA:217,0
DA:218,0
DA:220,0
DA:221,0
DA:223,0
DA:226,0
DA:227,0
DA:229,0
DA:230,0
DA:232,0
DA:235,0
DA:238,0
DA:248,0
DA:249,0
DA:251,0
DA:252,0
DA:253,0
DA:255,0
DA:256,0
DA:257,0
DA:258,0
DA:259,0
DA:261,0
DA:262,0
DA:263,0
DA:265,0
DA:268,0
DA:273,0
DA:276,0
DA:283,0
DA:285,0
DA:291,0
DA:292,0
DA:301,0
DA:302,0
DA:305,0
DA:306,0
DA:310,0
DA:313,0
DA:320,0
DA:321,0
DA:334,0
DA:336,0
DA:337,0
DA:338,0
DA:340,0
DA:341,0
DA:342,0
DA:343,0
DA:346,0
DA:347,0
DA:348,0
DA:349,0
DA:354,0
DA:364,0
DA:365,0
DA:369,0
DA:370,0
DA:371,0
DA:374,0
DA:375,0
DA:379,0
DA:380,0
DA:381,0
DA:383,0
DA:384,0
DA:389,0
DA:394,0
DA:395,0
LF:152
LH:0
BRDA:32,0,0,0
BRDA:32,0,1,0
BRDA:58,1,0,0
BRDA:58,1,1,0
BRDA:60,2,0,0
BRDA:75,3,0,0
BRDA:103,4,0,0
BRDA:110,5,0,0
BRDA:124,6,0,0
BRDA:139,7,0,0
BRDA:149,8,0,0
BRDA:151,9,0,0
BRDA:151,9,1,0
BRDA:151,9,2,0
BRDA:152,10,0,0
BRDA:152,10,1,0
BRDA:153,11,0,0
BRDA:153,11,1,0
BRDA:154,12,0,0
BRDA:154,12,1,0
BRDA:155,13,0,0
BRDA:155,13,1,0
BRDA:156,14,0,0
BRDA:156,14,1,0
BRDA:161,15,0,0
BRDA:161,15,1,0
BRDA:164,16,0,0
BRDA:164,16,1,0
BRDA:167,17,0,0
BRDA:167,17,1,0
BRDA:167,18,0,0
BRDA:167,18,1,0
BRDA:173,19,0,0
BRDA:174,20,0,0
BRDA:175,21,0,0
BRDA:175,21,1,0
BRDA:175,22,0,0
BRDA:175,22,1,0
BRDA:199,23,0,0
BRDA:203,24,0,0
BRDA:203,24,1,0
BRDA:203,24,2,0
BRDA:203,24,3,0
BRDA:203,24,4,0
BRDA:205,25,0,0
BRDA:211,26,0,0
BRDA:217,27,0,0
BRDA:220,28,0,0
BRDA:226,29,0,0
BRDA:229,30,0,0
BRDA:255,31,0,0
BRDA:261,32,0,0
BRDA:261,32,1,0
BRDA:273,33,0,0
BRDA:273,33,1,0
BRDA:282,34,0,0
BRDA:301,35,0,0
BRDA:301,35,1,0
BRDA:341,36,0,0
BRDA:341,36,1,0
BRDA:342,37,0,0
BRDA:342,37,1,0
BRDA:343,38,0,0
BRDA:343,38,1,0
BRDA:358,39,0,0
BRDA:358,39,1,0
BRDA:374,40,0,0
BRDA:380,41,0,0
BRDA:383,42,0,0
BRDA:383,43,0,0
BRDA:383,43,1,0
BRF:71
BRH:0
end_of_record
TN:
SF:src/auth/enterprise-auth-manager.ts
FN:12,(anonymous_1)
FN:154,(anonymous_2)
FN:174,(anonymous_3)
FN:202,(anonymous_4)
FN:240,(anonymous_5)
FN:257,(anonymous_6)
FN:301,(anonymous_7)
FN:346,(anonymous_8)
FN:367,(anonymous_9)
FN:408,(anonymous_10)
FN:429,(anonymous_11)
FN:495,(anonymous_12)
FN:503,(anonymous_13)
FN:515,(anonymous_14)
FN:546,(anonymous_15)
FN:586,(anonymous_16)
FN:626,(anonymous_17)
FN:663,(anonymous_18)
FN:681,(anonymous_19)
FN:704,(anonymous_20)
FN:728,(anonymous_21)
FN:747,(anonymous_22)
FN:758,(anonymous_23)
FN:764,(anonymous_24)
FN:768,(anonymous_25)
FN:772,(anonymous_26)
FN:780,(anonymous_27)
FN:795,(anonymous_28)
FN:813,(anonymous_29)
FN:826,(anonymous_30)
FN:834,(anonymous_31)
FN:863,(anonymous_32)
FN:872,(anonymous_33)
FN:879,(anonymous_34)
FN:891,(anonymous_35)
FN:899,(anonymous_36)
FN:907,(anonymous_37)
FNF:37
FNH:0
FNDA:0,(anonymous_1)
FNDA:0,(anonymous_2)
FNDA:0,(anonymous_3)
FNDA:0,(anonymous_4)
FNDA:0,(anonymous_5)
FNDA:0,(anonymous_6)
FNDA:0,(anonymous_7)
FNDA:0,(anonymous_8)
FNDA:0,(anonymous_9)
FNDA:0,(anonymous_10)
FNDA:0,(anonymous_11)
FNDA:0,(anonymous_12)
FNDA:0,(anonymous_13)
FNDA:0,(anonymous_14)
FNDA:0,(anonymous_15)
FNDA:0,(anonymous_16)
FNDA:0,(anonymous_17)
FNDA:0,(anonymous_18)
FNDA:0,(anonymous_19)
FNDA:0,(anonymous_20)
FNDA:0,(anonymous_21)
FNDA:0,(anonymous_22)
FNDA:0,(anonymous_23)
FNDA:0,(anonymous_24)
FNDA:0,(anonymous_25)
FNDA:0,(anonymous_26)
FNDA:0,(anonymous_27)
FNDA:0,(anonymous_28)
FNDA:0,(anonymous_29)
FNDA:0,(anonymous_30)
FNDA:0,(anonymous_31)
FNDA:0,(anonymous_32)
FNDA:0,(anonymous_33)
FNDA:0,(anonymous_34)
FNDA:0,(anonymous_35)
FNDA:0,(anonymous_36)
FNDA:0,(anonymous_37)
DA:6,0
DA:7,0
DA:8,0
DA:9,0
DA:12,0
DA:13,0
DA:14,0
DA:15,0
DA:16,0
DA:17,0
DA:18,0
DA:19,0
DA:20,0
DA:21,0
DA:22,0
DA:149,0
DA:150,0
DA:152,0
DA:155,0
DA:157,0
DA:179,0
DA:181,0
DA:189,0
DA:192,0
DA:193,0
DA:196,0
DA:203,0
DA:204,0
DA:205,0
DA:208,0
DA:209,0
DA:211,0
DA:212,0
DA:213,0
DA:216,0
DA:217,0
DA:220,0
DA:222,0
DA:225,0
DA:227,0
DA:228,0
DA:230,0
DA:241,0
DA:242,0
DA:243,0
DA:247,0
DA:248,0
DA:251,0
DA:258,0
DA:259,0
DA:260,0
DA:263,0
DA:265,0
DA:268,0
DA:270,0
DA:271,0
DA:273,0
DA:274,0
DA:277,0
DA:280,0
DA:281,0
DA:284,0
DA:285,0
DA:288,0
DA:289,0
DA:291,0
DA:302,0
DA:304,0
DA:306,0
DA:309,0
DA:312,0
DA:315,0
DA:318,0
DA:321,0
DA:324,0
DA:327,0
DA:330,0
DA:333,0
DA:336,0
DA:347,0
DA:349,0
DA:350,0
DA:354,0
DA:356,0
DA:368,0
DA:370,0
DA:371,0
DA:374,0
DA:376,0
DA:377,0
DA:384,0
DA:388,0
DA:394,0
DA:395,0
DA:401,0
DA:409,0
DA:411,0
DA:412,0
DA:415,0
DA:416,0
DA:418,0
DA:430,0
DA:432,0
DA:433,0
DA:436,0
DA:439,0
DA:441,0
DA:442,0
DA:444,0
DA:445,0
DA:447,0
DA:448,0
DA:450,0
DA:451,0
DA:453,0
DA:456,0
DA:457,0
DA:458,0
DA:459,0
DA:462,0
DA:463,0
DA:465,0
DA:466,0
DA:469,0
DA:470,0
DA:474,0
DA:476,0
DA:485,0
DA:496,0
DA:498,0
DA:499,0
DA:503,0
DA:504,0
DA:505,0
DA:506,0
DA:509,0
DA:516,0
DA:518,0
DA:519,0
DA:522,0
DA:524,0
DA:528,0
DA:530,0
DA:536,0
DA:547,0
DA:549,0
DA:550,0
DA:553,0
DA:556,0
DA:558,0
DA:559,0
DA:561,0
DA:563,0
DA:566,0
DA:568,0
DA:576,0
DA:587,0
DA:589,0
DA:590,0
DA:594,0
DA:595,0
DA:599,0
DA:600,0
DA:607,0
DA:608,0
DA:612,0
DA:613,0
DA:616,0
DA:627,0
DA:629,0
DA:630,0
DA:633,0
DA:635,0
DA:636,0
DA:639,0
DA:640,0
DA:644,0
DA:652,0
DA:655,0
DA:664,0
DA:665,0
DA:666,0
DA:668,0
DA:669,0
DA:672,0
DA:673,0
DA:676,0
DA:682,0
DA:683,0
DA:686,0
DA:687,0
DA:688,0
DA:689,0
DA:691,0
DA:692,0
DA:695,0
DA:696,0
DA:699,0
DA:705,0
DA:706,0
DA:709,0
DA:710,0
DA:711,0
DA:712,0
DA:713,0
DA:715,0
DA:716,0
DA:719,0
DA:720,0
DA:723,0
DA:729,0
DA:730,0
DA:733,0
DA:734,0
DA:735,0
DA:736,0
DA:738,0
DA:739,0
DA:742,0
DA:748,0
DA:750,0
DA:751,0
DA:754,0
DA:755,0
DA:760,0
DA:765,0
DA:768,0
DA:773,0
DA:781,0
DA:783,0
DA:785,0
DA:786,0
DA:787,0
DA:792,0
DA:796,0
DA:798,0
DA:804,0
DA:807,0
DA:808,0
DA:809,0
DA:816,0
DA:817,0
DA:819,0
DA:821,0
DA:829,0
DA:837,0
DA:838,0
DA:845,0
DA:846,0
DA:848,0
DA:849,0
DA:854,0
DA:857,0
DA:864,0
DA:865,0
DA:866,0
DA:873,0
DA:880,0
DA:881,0
DA:883,0
DA:892,0
DA:893,0
DA:900,0
DA:901,0
DA:908,0
DA:909,0
LF:266
LH:0
BRDA:12,0,0,0
BRDA:12,0,1,0
BRDA:154,1,0,0
BRDA:192,2,0,0
BRDA:204,3,0,0
BRDA:211,4,0,0
BRDA:211,4,1,0
BRDA:216,5,0,0
BRDA:216,6,0,0
BRDA:216,6,1,0
BRDA:227,7,0,0
BRDA:227,7,1,0
BRDA:242,8,0,0
BRDA:247,9,0,0
BRDA:259,10,0,0
BRDA:268,11,0,0
BRDA:268,11,1,0
BRDA:268,11,2,0
BRDA:280,12,0,0
BRDA:280,13,0,0
BRDA:280,13,1,0
BRDA:280,13,2,0
BRDA:288,14,0,0
BRDA:288,14,1,0
BRDA:304,15,0,0
BRDA:304,15,1,0
BRDA:304,15,2,0
BRDA:304,15,3,0
BRDA:304,15,4,0
BRDA:304,15,5,0
BRDA:304,15,6,0
BRDA:304,15,7,0
BRDA:304,15,8,0
BRDA:304,15,9,0
BRDA:304,15,10,0
BRDA:349,16,0,0
BRDA:370,17,0,0
BRDA:370,18,0,0
BRDA:370,18,1,0
BRDA:374,19,0,0
BRDA:374,19,1,0
BRDA:374,19,2,0
BRDA:374,19,3,0
BRDA:411,20,0,0
BRDA:411,21,0,0
BRDA:411,21,1,0
BRDA:411,21,2,0
BRDA:432,22,0,0
BRDA:432,23,0,0
BRDA:432,23,1,0
BRDA:432,23,2,0
BRDA:439,24,0,0
BRDA:439,24,1,0
BRDA:439,24,2,0
BRDA:439,24,3,0
BRDA:439,24,4,0
BRDA:458,25,0,0
BRDA:458,25,1,0
BRDA:465,26,0,0
BRDA:469,27,0,0
BRDA:487,28,0,0
BRDA:487,28,1,0
BRDA:498,29,0,0
BRDA:498,30,0,0
BRDA:498,30,1,0
BRDA:498,30,2,0
BRDA:518,31,0,0
BRDA:518,32,0,0
BRDA:518,32,1,0
BRDA:518,32,2,0
BRDA:538,33,0,0
BRDA:538,33,1,0
BRDA:549,34,0,0
BRDA:556,35,0,0
BRDA:556,35,1,0
BRDA:559,36,0,0
BRDA:559,36,1,0
BRDA:559,37,0,0
BRDA:559,37,1,0
BRDA:578,38,0,0
BRDA:578,38,1,0
BRDA:589,39,0,0
BRDA:594,40,0,0
BRDA:599,41,0,0
BRDA:607,42,0,0
BRDA:612,43,0,0
BRDA:629,44,0,0
BRDA:629,45,0,0
BRDA:629,45,1,0
BRDA:629,45,2,0
BRDA:639,46,0,0
BRDA:657,47,0,0
BRDA:657,47,1,0
BRDA:668,48,0,0
BRDA:672,49,0,0
BRDA:682,50,0,0
BRDA:691,51,0,0
BRDA:695,52,0,0
BRDA:705,53,0,0
BRDA:705,54,0,0
BRDA:705,54,1,0
BRDA:715,55,0,0
BRDA:719,56,0,0
BRDA:729,57,0,0
BRDA:738,58,0,0
BRDA:750,59,0,0
BRDA:781,60,0,0
BRDA:785,61,0,0
BRDA:796,62,0,0
BRDA:796,63,0,0
BRDA:796,63,1,0
BRDA:800,64,0,0
BRDA:800,64,1,0
BRDA:807,65,0,0
BRDA:837,66,0,0
BRDA:837,66,1,0
BRDA:841,67,0,0
BRDA:841,67,1,0
BRDA:848,68,0,0
BRDA:881,69,0,0
BRDA:893,70,0,0
BRDA:893,70,1,0
BRF:122
BRH:0
end_of_record
TN:
SF:src/auth/security-validator.ts
FN:40,(anonymous_0)
FN:47,(anonymous_1)
FN:66,(anonymous_2)
FN:76,(anonymous_3)
FN:100,(anonymous_4)
FN:120,(anonymous_5)
FN:127,(anonymous_6)
FN:162,(anonymous_7)
FN:196,(anonymous_8)
FN:246,(anonymous_9)
FN:268,(anonymous_10)
FN:269,(anonymous_11)
FN:271,(anonymous_12)
FN:288,(anonymous_13)
FN:327,(anonymous_14)
FN:344,(anonymous_15)
FN:374,(anonymous_16)
FN:391,(anonymous_17)
FN:399,(anonymous_18)
FN:415,(anonymous_19)
FN:433,(anonymous_20)
FN:447,(anonymous_21)
FN:459,(anonymous_22)
FN:466,(anonymous_23)
FN:477,(anonymous_24)
FN:480,(anonymous_25)
FN:487,(anonymous_26)
FN:490,(anonymous_27)
FNF:28
FNH:0
FNDA:0,(anonymous_0)
FNDA:0,(anonymous_1)
FNDA:0,(anonymous_2)
FNDA:0,(anonymous_3)
FNDA:0,(anonymous_4)
FNDA:0,(anonymous_5)
FNDA:0,(anonymous_6)
FNDA:0,(anonymous_7)
FNDA:0,(anonymous_8)
FNDA:0,(anonymous_9)
FNDA:0,(anonymous_10)
FNDA:0,(anonymous_11)
FNDA:0,(anonymous_12)
FNDA:0,(anonymous_13)
FNDA:0,(anonymous_14)
FNDA:0,(anonymous_15)
FNDA:0,(anonymous_16)
FNDA:0,(anonymous_17)
FNDA:0,(anonymous_18)
FNDA:0,(anonymous_19)
FNDA:0,(anonymous_20)
FNDA:0,(anonymous_21)
FNDA:0,(anonymous_22)
FNDA:0,(anonymous_23)
FNDA:0,(anonymous_24)
FNDA:0,(anonymous_25)
FNDA:0,(anonymous_26)
FNDA:0,(anonymous_27)
DA:6,0
DA:37,0
DA:41,0
DA:48,0
DA:49,0
DA:52,0
DA:55,0
DA:58,0
DA:61,0
DA:63,0
DA:65,0
DA:66,0
DA:77,0
DA:78,0
DA:80,0
DA:82,0
DA:85,0
DA:88,0
DA:91,0
DA:94,0
DA:101,0
DA:102,0
DA:104,0
DA:106,0
DA:107,0
DA:109,0
DA:110,0
DA:112,0
DA:113,0
DA:115,0
DA:116,0
DA:119,0
DA:120,0
DA:133,0
DA:134,0
DA:144,0
DA:145,0
DA:146,0
DA:147,0
DA:148,0
DA:149,0
DA:167,0
DA:169,0
DA:171,0
DA:172,0
DA:183,0
DA:184,0
DA:201,0
DA:203,0
DA:204,0
DA:211,0
DA:214,0
DA:215,0
DA:217,0
DA:218,0
DA:228,0
DA:229,0
DA:239,0
DA:240,0
DA:252,0
DA:253,0
DA:254,0
DA:255,0
DA:267,0
DA:268,0
DA:269,0
DA:270,0
DA:272,0
DA:277,0
DA:278,0
DA:289,0
DA:292,0
DA:303,0
DA:314,0
DA:324,0
DA:328,0
DA:331,0
DA:341,0
DA:345,0
DA:348,0
DA:349,0
DA:361,0
DA:371,0
DA:375,0
DA:378,0
DA:388,0
DA:396,0
DA:404,0
DA:405,0
DA:420,0
DA:421,0
DA:430,0
DA:438,0
DA:448,0
DA:449,0
DA:460,0
DA:461,0
DA:463,0
DA:467,0
DA:474,0
DA:476,0
DA:477,0
DA:481,0
DA:487,0
DA:491,0
DA:493,0
DA:494,0
DA:496,0
DA:497,0
DA:499,0
DA:500,0
DA:502,0
DA:503,0
DA:505,0
DA:506,0
DA:508,0
DA:509,0
DA:513,0
LF:118
LH:0
BRDA:66,0,0,0
BRDA:66,0,1,0
BRDA:104,1,0,0
BRDA:104,1,1,0
BRDA:104,1,2,0
BRDA:104,1,3,0
BRDA:133,2,0,0
BRDA:133,3,0,0
BRDA:133,3,1,0
BRDA:144,4,0,0
BRDA:148,5,0,0
BRDA:148,6,0,0
BRDA:148,6,1,0
BRDA:171,7,0,0
BRDA:171,8,0,0
BRDA:171,8,1,0
BRDA:183,9,0,0
BRDA:203,10,0,0
BRDA:203,11,0,0
BRDA:203,11,1,0
BRDA:215,12,0,0
BRDA:217,13,0,0
BRDA:217,14,0,0
BRDA:217,14,1,0
BRDA:228,15,0,0
BRDA:228,16,0,0
BRDA:228,16,1,0
BRDA:239,17,0,0
BRDA:239,18,0,0
BRDA:239,18,1,0
BRDA:252,19,0,0
BRDA:254,20,0,0
BRDA:269,21,0,0
BRDA:269,21,1,0
BRDA:270,22,0,0
BRDA:270,22,1,0
BRDA:270,22,2,0
BRDA:272,23,0,0
BRDA:272,23,1,0
BRDA:277,24,0,0
BRDA:348,25,0,0
BRDA:404,26,0,0
BRDA:420,27,0,0
BRDA:420,28,0,0
BRDA:420,28,1,0
BRDA:448,29,0,0
BRDA:460,30,0,0
BRDA:461,31,0,0
BRDA:461,31,1,0
BRDA:476,32,0,0
BRDA:476,32,1,0
BRDA:494,33,0,0
BRDA:494,33,1,0
BRDA:494,33,2,0
BRDA:494,33,3,0
BRDA:494,33,4,0
BRF:56
BRH:0
end_of_record
TN:
SF:src/cicd/pipeline-integrator.ts
FN:84,(anonymous_9)
FN:91,(anonymous_10)
FN:111,(anonymous_11)
FN:132,(anonymous_12)
FN:150,(anonymous_13)
FN:152,(anonymous_14)
FN:162,(anonymous_15)
FN:182,(anonymous_16)
FN:206,(anonymous_17)
FN:243,(anonymous_18)
FN:246,(anonymous_19)
FN:277,(anonymous_20)
FN:304,(anonymous_21)
FN:338,(anonymous_22)
FN:353,(anonymous_23)
FN:383,(anonymous_24)
FN:394,(anonymous_25)
FN:407,(anonymous_26)
FN:431,(anonymous_27)
FN:453,(anonymous_28)
FN:484,(anonymous_29)
FN:497,(anonymous_30)
FN:514,(anonymous_31)
FN:538,(anonymous_32)
FN:675,(anonymous_33)
FN:682,(anonymous_34)
FN:687,(anonymous_35)
FN:692,(anonymous_36)
FN:696,(anonymous_37)
FN:700,(anonymous_38)
FN:704,(anonymous_39)
FN:708,(anonymous_40)
FNF:32
FNH:0
FNDA:0,(anonymous_9)
FNDA:0,(anonymous_10)
FNDA:0,(anonymous_11)
FNDA:0,(anonymous_12)
FNDA:0,(anonymous_13)
FNDA:0,(anonymous_14)
FNDA:0,(anonymous_15)
FNDA:0,(anonymous_16)
FNDA:0,(anonymous_17)
FNDA:0,(anonymous_18)
FNDA:0,(anonymous_19)
FNDA:0,(anonymous_20)
FNDA:0,(anonymous_21)
FNDA:0,(anonymous_22)
FNDA:0,(anonymous_23)
FNDA:0,(anonymous_24)
FNDA:0,(anonymous_25)
FNDA:0,(anonymous_26)
FNDA:0,(anonymous_27)
FNDA:0,(anonymous_28)
FNDA:0,(anonymous_29)
FNDA:0,(anonymous_30)
FNDA:0,(anonymous_31)
FNDA:0,(anonymous_32)
FNDA:0,(anonymous_33)
FNDA:0,(anonymous_34)
FNDA:0,(anonymous_35)
FNDA:0,(anonymous_36)
FNDA:0,(anonymous_37)
FNDA:0,(anonymous_38)
FNDA:0,(anonymous_39)
FNDA:0,(anonymous_40)
DA:6,0
DA:7,0
DA:8,0
DA:81,0
DA:82,0
DA:85,0
DA:92,0
DA:94,0
DA:96,0
DA:98,0
DA:100,0
DA:102,0
DA:104,0
DA:112,0
DA:122,0
DA:133,0
DA:140,0
DA:151,0
DA:154,0
DA:155,0
DA:163,0
DA:172,0
DA:183,0
DA:196,0
DA:207,0
DA:210,0
DA:212,0
DA:213,0
DA:215,0
DA:216,0
DA:218,0
DA:219,0
DA:221,0
DA:222,0
DA:224,0
DA:225,0
DA:227,0
DA:231,0
DA:234,0
DA:237,0
DA:244,0
DA:246,0
DA:247,0
DA:249,0
DA:252,0
DA:254,0
DA:257,0
DA:259,0
DA:262,0
DA:264,0
DA:267,0
DA:271,0
DA:278,0
DA:305,0
DA:308,0
DA:321,0
DA:338,0
DA:339,0
DA:349,0
DA:350,0
DA:353,0
DA:359,0
DA:360,0
DA:369,0
DA:377,0
DA:384,0
DA:395,0
DA:396,0
DA:408,0
DA:432,0
DA:454,0
DA:485,0
DA:498,0
DA:515,0
DA:518,0
DA:519,0
DA:527,0
DA:530,0
DA:531,0
DA:532,0
DA:540,0
DA:676,0
DA:684,0
DA:689,0
DA:693,0
DA:697,0
DA:701,0
DA:705,0
DA:710,0
DA:711,0
DA:713,0
DA:714,0
DA:715,0
DA:717,0
DA:721,0
DA:725,0
LF:96
LH:0
BRDA:92,0,0,0
BRDA:92,0,1,0
BRDA:92,0,2,0
BRDA:92,0,3,0
BRDA:92,0,4,0
BRDA:92,0,5,0
BRDA:151,1,0,0
BRDA:151,1,1,0
BRDA:155,2,0,0
BRDA:155,2,1,0
BRDA:210,3,0,0
BRDA:210,3,1,0
BRDA:210,3,2,0
BRDA:210,3,3,0
BRDA:210,3,4,0
BRDA:210,3,5,0
BRDA:247,4,0,0
BRDA:247,4,1,0
BRDA:247,4,2,0
BRDA:247,4,3,0
BRDA:250,5,0,0
BRDA:250,5,1,0
BRDA:255,6,0,0
BRDA:255,6,1,0
BRDA:260,7,0,0
BRDA:260,7,1,0
BRDA:349,8,0,0
BRDA:359,9,0,0
BRDA:714,10,0,0
BRDA:714,10,1,0
BRDA:714,11,0,0
BRDA:714,11,1,0
BRDA:714,11,2,0
BRF:33
BRH:0
end_of_record
TN:
SF:src/config/configuration-manager.ts
FN:136,(anonymous_1)
FN:157,(anonymous_2)
FN:187,(anonymous_3)
FN:213,(anonymous_4)
FN:234,(anonymous_5)
FN:241,(anonymous_6)
FN:254,(anonymous_7)
FN:267,(anonymous_8)
FN:280,(anonymous_9)
FN:306,(anonymous_10)
FN:327,(anonymous_11)
FN:336,(anonymous_12)
FN:374,(anonymous_13)
FN:382,(anonymous_14)
FN:407,(anonymous_15)
FN:474,(anonymous_16)
FN:489,(anonymous_17)
FN:508,(anonymous_18)
FN:509,(anonymous_19)
FN:517,(anonymous_20)
FN:521,(anonymous_21)
FN:534,(anonymous_22)
FN:546,(anonymous_23)
FN:553,(anonymous_24)
FN:560,(anonymous_25)
FN:569,(anonymous_26)
FN:594,(anonymous_27)
FN:607,(anonymous_28)
FNF:28
FNH:0
FNDA:0,(anonymous_1)
FNDA:0,(anonymous_2)
FNDA:0,(anonymous_3)
FNDA:0,(anonymous_4)
FNDA:0,(anonymous_5)
FNDA:0,(anonymous_6)
FNDA:0,(anonymous_7)
FNDA:0,(anonymous_8)
FNDA:0,(anonymous_9)
FNDA:0,(anonymous_10)
FNDA:0,(anonymous_11)
FNDA:0,(anonymous_12)
FNDA:0,(anonymous_13)
FNDA:0,(anonymous_14)
FNDA:0,(anonymous_15)
FNDA:0,(anonymous_16)
FNDA:0,(anonymous_17)
FNDA:0,(anonymous_18)
FNDA:0,(anonymous_19)
FNDA:0,(anonymous_20)
FNDA:0,(anonymous_21)
FNDA:0,(anonymous_22)
FNDA:0,(anonymous_23)
FNDA:0,(anonymous_24)
FNDA:0,(anonymous_25)
FNDA:0,(anonymous_26)
FNDA:0,(anonymous_27)
FNDA:0,(anonymous_28)
DA:6,0
DA:7,0
DA:8,0
DA:9,0
DA:129,0
DA:137,0
DA:139,0
DA:149,0
DA:150,0
DA:151,0
DA:158,0
DA:160,0
DA:163,0
DA:164,0
DA:168,0
DA:169,0
DA:173,0
DA:174,0
DA:177,0
DA:179,0
DA:180,0
DA:188,0
DA:189,0
DA:191,0
DA:192,0
DA:193,0
DA:196,0
DA:198,0
DA:201,0
DA:202,0
DA:205,0
DA:206,0
DA:214,0
DA:215,0
DA:218,0
DA:221,0
DA:222,0
DA:224,0
DA:226,0
DA:227,0
DA:235,0
DA:242,0
DA:244,0
DA:245,0
DA:248,0
DA:255,0
DA:257,0
DA:258,0
DA:261,0
DA:268,0
DA:270,0
DA:271,0
DA:274,0
DA:281,0
DA:282,0
DA:284,0
DA:286,0
DA:287,0
DA:288,0
DA:289,0
DA:292,0
DA:293,0
DA:297,0
DA:298,0
DA:299,0
DA:308,0
DA:309,0
DA:312,0
DA:313,0
DA:316,0
DA:318,0
DA:319,0
DA:326,0
DA:327,0
DA:330,0
DA:337,0
DA:340,0
DA:341,0
DA:344,0
DA:345,0
DA:349,0
DA:350,0
DA:351,0
DA:355,0
DA:356,0
DA:360,0
DA:361,0
DA:364,0
DA:365,0
DA:366,0
DA:367,0
DA:375,0
DA:377,0
DA:378,0
DA:381,0
DA:382,0
DA:383,0
DA:384,0
DA:386,0
DA:387,0
DA:390,0
DA:391,0
DA:394,0
DA:396,0
DA:400,0
DA:408,0
DA:476,0
DA:483,0
DA:490,0
DA:492,0
DA:493,0
DA:494,0
DA:495,0
DA:497,0
DA:502,0
DA:509,0
DA:510,0
DA:518,0
DA:519,0
DA:521,0
DA:522,0
DA:523,0
DA:525,0
DA:528,0
DA:535,0
DA:536,0
DA:537,0
DA:539,0
DA:547,0
DA:554,0
DA:561,0
DA:562,0
DA:563,0
DA:570,0
DA:571,0
DA:572,0
DA:574,0
DA:576,0
DA:577,0
DA:580,0
DA:581,0
DA:584,0
DA:586,0
DA:587,0
DA:595,0
DA:596,0
DA:597,0
DA:598,0
DA:601,0
DA:608,0
LF:150
LH:0
BRDA:136,0,0,0
BRDA:140,1,0,0
BRDA:140,1,1,0
BRDA:141,2,0,0
BRDA:141,2,1,0
BRDA:142,3,0,0
BRDA:142,3,1,0
BRDA:143,4,0,0
BRDA:143,4,1,0
BRDA:144,5,0,0
BRDA:144,5,1,0
BRDA:145,6,0,0
BRDA:145,6,1,0
BRDA:163,7,0,0
BRDA:168,8,0,0
BRDA:173,9,0,0
BRDA:179,10,0,0
BRDA:179,10,1,0
BRDA:191,11,0,0
BRDA:191,11,1,0
BRDA:205,12,0,0
BRDA:205,12,1,0
BRDA:226,13,0,0
BRDA:226,13,1,0
BRDA:244,14,0,0
BRDA:257,15,0,0
BRDA:270,16,0,0
BRDA:287,17,0,0
BRDA:297,18,0,0
BRDA:308,19,0,0
BRDA:309,20,0,0
BRDA:312,21,0,0
BRDA:313,22,0,0
BRDA:316,23,0,0
BRDA:316,24,0,0
BRDA:316,24,1,0
BRDA:316,24,2,0
BRDA:316,24,3,0
BRDA:326,25,0,0
BRDA:340,26,0,0
BRDA:344,27,0,0
BRDA:350,28,0,0
BRDA:355,29,0,0
BRDA:355,30,0,0
BRDA:355,30,1,0
BRDA:360,31,0,0
BRDA:360,32,0,0
BRDA:360,32,1,0
BRDA:364,33,0,0
BRDA:377,34,0,0
BRDA:386,35,0,0
BRDA:390,36,0,0
BRDA:396,37,0,0
BRDA:396,37,1,0
BRDA:400,38,0,0
BRDA:400,38,1,0
BRDA:493,39,0,0
BRDA:494,40,0,0
BRDA:494,40,1,0
BRDA:494,41,0,0
BRDA:494,41,1,0
BRDA:494,41,2,0
BRDA:495,42,0,0
BRDA:495,42,1,0
BRDA:510,43,0,0
BRDA:510,43,1,0
BRDA:510,44,0,0
BRDA:510,44,1,0
BRDA:522,45,0,0
BRDA:522,46,0,0
BRDA:522,46,1,0
BRDA:576,47,0,0
BRDA:580,48,0,0
BRDA:586,49,0,0
BRDA:586,49,1,0
BRDA:595,50,0,0
BRF:76
BRH:0
end_of_record
TN:
SF:src/error/error-handling-system.ts
FN:11,(anonymous_1)
FN:24,(anonymous_2)
FN:87,(anonymous_3)
FN:105,(anonymous_4)
FN:126,(anonymous_5)
FN:149,(anonymous_6)
FN:156,(anonymous_7)
FN:170,(anonymous_8)
FN:187,(anonymous_9)
FN:194,(anonymous_10)
FN:201,(anonymous_11)
FN:216,(anonymous_12)
FN:241,(anonymous_13)
FN:248,(anonymous_14)
FN:255,(anonymous_15)
FN:270,(anonymous_16)
FN:296,(anonymous_17)
FN:303,(anonymous_18)
FN:317,(anonymous_19)
FN:342,(anonymous_20)
FN:349,(anonymous_21)
FN:364,(anonymous_22)
FN:388,(anonymous_23)
FN:395,(anonymous_24)
FN:409,(anonymous_25)
FN:448,(anonymous_26)
FN:474,(anonymous_27)
FN:481,(anonymous_28)
FN:495,(anonymous_29)
FN:525,(anonymous_30)
FN:547,(anonymous_31)
FN:548,(anonymous_32)
FN:552,(anonymous_33)
FN:563,(anonymous_34)
FN:581,(anonymous_35)
FN:594,(anonymous_36)
FN:600,(anonymous_37)
FN:606,(anonymous_38)
FN:612,(anonymous_39)
FN:618,(anonymous_40)
FN:624,(anonymous_41)
FN:631,(anonymous_42)
FN:637,(anonymous_43)
FN:643,(anonymous_44)
FN:649,(anonymous_45)
FN:656,(anonymous_46)
FN:657,(anonymous_47)
FN:663,(anonymous_48)
FN:670,(anonymous_49)
FN:677,(anonymous_50)
FN:684,(anonymous_51)
FN:691,(anonymous_52)
FN:700,(anonymous_53)
FNF:53
FNH:0
FNDA:0,(anonymous_1)
FNDA:0,(anonymous_2)
FNDA:0,(anonymous_3)
FNDA:0,(anonymous_4)
FNDA:0,(anonymous_5)
FNDA:0,(anonymous_6)
FNDA:0,(anonymous_7)
FNDA:0,(anonymous_8)
FNDA:0,(anonymous_9)
FNDA:0,(anonymous_10)
FNDA:0,(anonymous_11)
FNDA:0,(anonymous_12)
FNDA:0,(anonymous_13)
FNDA:0,(anonymous_14)
FNDA:0,(anonymous_15)
FNDA:0,(anonymous_16)
FNDA:0,(anonymous_17)
FNDA:0,(anonymous_18)
FNDA:0,(anonymous_19)
FNDA:0,(anonymous_20)
FNDA:0,(anonymous_21)
FNDA:0,(anonymous_22)
FNDA:0,(anonymous_23)
FNDA:0,(anonymous_24)
FNDA:0,(anonymous_25)
FNDA:0,(anonymous_26)
FNDA:0,(anonymous_27)
FNDA:0,(anonymous_28)
FNDA:0,(anonymous_29)
FNDA:0,(anonymous_30)
FNDA:0,(anonymous_31)
FNDA:0,(anonymous_32)
FNDA:0,(anonymous_33)
FNDA:0,(anonymous_34)
FNDA:0,(anonymous_35)
FNDA:0,(anonymous_36)
FNDA:0,(anonymous_37)
FNDA:0,(anonymous_38)
FNDA:0,(anonymous_39)
FNDA:0,(anonymous_40)
FNDA:0,(anonymous_41)
FNDA:0,(anonymous_42)
FNDA:0,(anonymous_43)
FNDA:0,(anonymous_44)
FNDA:0,(anonymous_45)
FNDA:0,(anonymous_46)
FNDA:0,(anonymous_47)
FNDA:0,(anonymous_48)
FNDA:0,(anonymous_49)
FNDA:0,(anonymous_50)
FNDA:0,(anonymous_51)
FNDA:0,(anonymous_52)
FNDA:0,(anonymous_53)
DA:6,0
DA:7,0
DA:8,0
DA:11,0
DA:12,0
DA:13,0
DA:14,0
DA:15,0
DA:16,0
DA:17,0
DA:18,0
DA:19,0
DA:20,0
DA:21,0
DA:24,0
DA:25,0
DA:26,0
DA:27,0
DA:28,0
DA:84,0
DA:88,0
DA:89,0
DA:90,0
DA:93,0
DA:94,0
DA:99,0
DA:102,0
DA:103,0
DA:106,0
DA:108,0
DA:119,0
DA:120,0
DA:131,0
DA:150,0
DA:157,0
DA:164,0
DA:174,0
DA:187,0
DA:195,0
DA:202,0
DA:203,0
DA:210,0
DA:221,0
DA:242,0
DA:249,0
DA:256,0
DA:257,0
DA:264,0
DA:276,0
DA:297,0
DA:304,0
DA:311,0
DA:322,0
DA:343,0
DA:350,0
DA:351,0
DA:358,0
DA:369,0
DA:389,0
DA:396,0
DA:403,0
DA:413,0
DA:414,0
DA:415,0
DA:418,0
DA:419,0
DA:421,0
DA:422,0
DA:425,0
DA:426,0
DA:428,0
DA:430,0
DA:431,0
DA:433,0
DA:434,0
DA:437,0
DA:440,0
DA:441,0
DA:450,0
DA:453,0
DA:456,0
DA:457,0
DA:461,0
DA:464,0
DA:465,0
DA:468,0
DA:475,0
DA:482,0
DA:496,0
DA:498,0
DA:500,0
DA:501,0
DA:503,0
DA:504,0
DA:506,0
DA:507,0
DA:509,0
DA:510,0
DA:511,0
DA:514,0
DA:518,0
DA:526,0
DA:528,0
DA:530,0
DA:531,0
DA:533,0
DA:534,0
DA:536,0
DA:537,0
DA:539,0
DA:540,0
DA:548,0
DA:549,0
DA:552,0
DA:553,0
DA:564,0
DA:582,0
DA:583,0
DA:590,0
DA:596,0
DA:597,0
DA:602,0
DA:603,0
DA:608,0
DA:609,0
DA:614,0
DA:615,0
DA:620,0
DA:621,0
DA:626,0
DA:627,0
DA:628,0
DA:633,0
DA:634,0
DA:639,0
DA:640,0
DA:645,0
DA:646,0
DA:651,0
DA:652,0
DA:657,0
DA:664,0
DA:671,0
DA:678,0
DA:685,0
DA:692,0
DA:693,0
DA:694,0
DA:701,0
DA:708,0
LF:150
LH:0
BRDA:11,0,0,0
BRDA:11,0,1,0
BRDA:24,1,0,0
BRDA:24,1,1,0
BRDA:93,2,0,0
BRDA:105,3,0,0
BRDA:129,4,0,0
BRDA:172,5,0,0
BRDA:187,6,0,0
BRDA:187,6,1,0
BRDA:219,7,0,0
BRDA:274,8,0,0
BRDA:320,9,0,0
BRDA:367,10,0,0
BRDA:411,11,0,0
BRDA:414,12,0,0
BRDA:414,13,0,0
BRDA:414,13,1,0
BRDA:419,14,0,0
BRDA:419,14,1,0
BRDA:430,15,0,0
BRDA:430,16,0,0
BRDA:430,16,1,0
BRDA:430,17,0,0
BRDA:430,17,1,0
BRDA:433,18,0,0
BRDA:456,19,0,0
BRDA:464,20,0,0
BRDA:496,21,0,0
BRDA:498,22,0,0
BRDA:498,22,1,0
BRDA:498,22,2,0
BRDA:500,23,0,0
BRDA:503,24,0,0
BRDA:503,24,1,0
BRDA:506,25,0,0
BRDA:506,25,1,0
BRDA:510,26,0,0
BRDA:528,27,0,0
BRDA:528,27,1,0
BRDA:528,27,2,0
BRDA:528,27,3,0
BRDA:554,28,0,0
BRDA:554,28,1,0
BRDA:651,29,0,0
BRF:45
BRH:0
end_of_record
TN:
SF:src/generator/advanced-scenario-generator.ts
FN:43,(anonymous_0)
FN:73,(anonymous_1)
FN:109,(anonymous_2)
FN:170,(anonymous_3)
FN:227,(anonymous_4)
FN:251,(anonymous_5)
FN:290,(anonymous_6)
FN:315,(anonymous_7)
FN:320,(anonymous_8)
FN:340,(anonymous_9)
FN:345,(anonymous_10)
FN:365,(anonymous_11)
FN:415,(anonymous_12)
FN:452,(anonymous_13)
FN:458,(anonymous_14)
FN:462,(anonymous_15)
FN:485,(anonymous_16)
FN:510,(anonymous_17)
FN:541,(anonymous_18)
FN:572,(anonymous_19)
FN:599,(anonymous_20)
FN:611,(anonymous_21)
FN:631,(anonymous_22)
FN:654,(anonymous_23)
FN:681,(anonymous_24)
FN:682,(anonymous_25)
FN:688,(anonymous_26)
FN:692,(anonymous_27)
FN:696,(anonymous_28)
FN:701,(anonymous_29)
FN:705,(anonymous_30)
FN:714,(anonymous_31)
FN:718,(anonymous_32)
FN:728,(anonymous_33)
FN:732,(anonymous_34)
FN:742,(anonymous_35)
FN:761,(anonymous_36)
FN:780,(anonymous_37)
FN:806,(anonymous_38)
FN:822,(anonymous_39)
FNF:40
FNH:0
FNDA:0,(anonymous_0)
FNDA:0,(anonymous_1)
FNDA:0,(anonymous_2)
FNDA:0,(anonymous_3)
FNDA:0,(anonymous_4)
FNDA:0,(anonymous_5)
FNDA:0,(anonymous_6)
FNDA:0,(anonymous_7)
FNDA:0,(anonymous_8)
FNDA:0,(anonymous_9)
FNDA:0,(anonymous_10)
FNDA:0,(anonymous_11)
FNDA:0,(anonymous_12)
FNDA:0,(anonymous_13)
FNDA:0,(anonymous_14)
FNDA:0,(anonymous_15)
FNDA:0,(anonymous_16)
FNDA:0,(anonymous_17)
FNDA:0,(anonymous_18)
FNDA:0,(anonymous_19)
FNDA:0,(anonymous_20)
FNDA:0,(anonymous_21)
FNDA:0,(anonymous_22)
FNDA:0,(anonymous_23)
FNDA:0,(anonymous_24)
FNDA:0,(anonymous_25)
FNDA:0,(anonymous_26)
FNDA:0,(anonymous_27)
FNDA:0,(anonymous_28)
FNDA:0,(anonymous_29)
FNDA:0,(anonymous_30)
FNDA:0,(anonymous_31)
FNDA:0,(anonymous_32)
FNDA:0,(anonymous_33)
FNDA:0,(anonymous_34)
FNDA:0,(anonymous_35)
FNDA:0,(anonymous_36)
FNDA:0,(anonymous_37)
FNDA:0,(anonymous_38)
FNDA:0,(anonymous_39)
DA:43,0
DA:44,0
DA:78,0
DA:80,0
DA:82,0
DA:83,0
DA:87,0
DA:88,0
DA:92,0
DA:93,0
DA:97,0
DA:100,0
DA:103,0
DA:114,0
DA:115,0
DA:116,0
DA:119,0
DA:120,0
DA:131,0
DA:132,0
DA:143,0
DA:144,0
DA:155,0
DA:164,0
DA:175,0
DA:176,0
DA:177,0
DA:180,0
DA:190,0
DA:191,0
DA:202,0
DA:212,0
DA:221,0
DA:232,0
DA:233,0
DA:234,0
DA:236,0
DA:245,0
DA:256,0
DA:257,0
DA:258,0
DA:261,0
DA:262,0
DA:273,0
DA:274,0
DA:284,0
DA:295,0
DA:296,0
DA:297,0
DA:300,0
DA:309,0
DA:316,0
DA:317,0
DA:318,0
DA:320,0
DA:321,0
DA:334,0
DA:341,0
DA:342,0
DA:343,0
DA:345,0
DA:346,0
DA:359,0
DA:366,0
DA:367,0
DA:368,0
DA:371,0
DA:384,0
DA:397,0
DA:409,0
DA:416,0
DA:417,0
DA:418,0
DA:421,0
DA:434,0
DA:446,0
DA:453,0
DA:454,0
DA:455,0
DA:457,0
DA:458,0
DA:459,0
DA:460,0
DA:462,0
DA:463,0
DA:479,0
DA:486,0
DA:487,0
DA:488,0
DA:490,0
DA:492,0
DA:504,0
DA:511,0
DA:512,0
DA:513,0
DA:515,0
DA:523,0
DA:535,0
DA:542,0
DA:543,0
DA:544,0
DA:546,0
DA:554,0
DA:566,0
DA:577,0
DA:578,0
DA:579,0
DA:581,0
DA:593,0
DA:600,0
DA:601,0
DA:602,0
DA:605,0
DA:611,0
DA:612,0
DA:625,0
DA:632,0
DA:633,0
DA:634,0
DA:636,0
DA:648,0
DA:659,0
DA:660,0
DA:661,0
DA:663,0
DA:675,0
DA:682,0
DA:683,0
DA:689,0
DA:693,0
DA:697,0
DA:698,0
DA:702,0
DA:705,0
DA:706,0
DA:707,0
DA:711,0
DA:715,0
DA:717,0
DA:718,0
DA:719,0
DA:720,0
DA:725,0
DA:729,0
DA:731,0
DA:732,0
DA:733,0
DA:734,0
DA:739,0
DA:743,0
DA:745,0
DA:747,0
DA:749,0
DA:751,0
DA:753,0
DA:755,0
DA:757,0
DA:762,0
DA:764,0
DA:766,0
DA:768,0
DA:770,0
DA:772,0
DA:774,0
DA:776,0
DA:781,0
DA:783,0
DA:784,0
DA:785,0
DA:786,0
DA:788,0
DA:789,0
DA:790,0
DA:792,0
DA:793,0
DA:794,0
DA:795,0
DA:797,0
DA:798,0
DA:799,0
DA:803,0
DA:807,0
DA:823,0
LF:183
LH:0
BRDA:82,0,0,0
BRDA:87,1,0,0
BRDA:92,2,0,0
BRDA:115,3,0,0
BRDA:115,3,1,0
BRDA:116,4,0,0
BRDA:116,4,1,0
BRDA:119,5,0,0
BRDA:131,6,0,0
BRDA:143,7,0,0
BRDA:176,8,0,0
BRDA:176,8,1,0
BRDA:177,9,0,0
BRDA:177,9,1,0
BRDA:190,10,0,0
BRDA:233,11,0,0
BRDA:233,11,1,0
BRDA:234,12,0,0
BRDA:234,12,1,0
BRDA:257,13,0,0
BRDA:257,13,1,0
BRDA:258,14,0,0
BRDA:258,14,1,0
BRDA:261,15,0,0
BRDA:273,16,0,0
BRDA:296,17,0,0
BRDA:296,17,1,0
BRDA:297,18,0,0
BRDA:297,18,1,0
BRDA:317,19,0,0
BRDA:317,19,1,0
BRDA:318,20,0,0
BRDA:318,20,1,0
BRDA:342,21,0,0
BRDA:342,21,1,0
BRDA:343,22,0,0
BRDA:343,22,1,0
BRDA:367,23,0,0
BRDA:367,23,1,0
BRDA:368,24,0,0
BRDA:368,24,1,0
BRDA:417,25,0,0
BRDA:417,25,1,0
BRDA:418,26,0,0
BRDA:418,26,1,0
BRDA:454,27,0,0
BRDA:454,27,1,0
BRDA:455,28,0,0
BRDA:455,28,1,0
BRDA:457,29,0,0
BRDA:459,30,0,0
BRDA:459,31,0,0
BRDA:459,31,1,0
BRDA:459,31,2,0
BRDA:487,32,0,0
BRDA:487,32,1,0
BRDA:488,33,0,0
BRDA:488,33,1,0
BRDA:512,34,0,0
BRDA:512,34,1,0
BRDA:513,35,0,0
BRDA:513,35,1,0
BRDA:543,36,0,0
BRDA:543,36,1,0
BRDA:544,37,0,0
BRDA:544,37,1,0
BRDA:578,38,0,0
BRDA:578,38,1,0
BRDA:579,39,0,0
BRDA:579,39,1,0
BRDA:601,40,0,0
BRDA:601,40,1,0
BRDA:602,41,0,0
BRDA:602,41,1,0
BRDA:613,42,0,0
BRDA:613,42,1,0
BRDA:620,43,0,0
BRDA:620,43,1,0
BRDA:633,44,0,0
BRDA:633,44,1,0
BRDA:634,45,0,0
BRDA:634,45,1,0
BRDA:660,46,0,0
BRDA:660,46,1,0
BRDA:661,47,0,0
BRDA:661,47,1,0
BRDA:682,48,0,0
BRDA:682,48,1,0
BRDA:683,49,0,0
BRDA:683,49,1,0
BRDA:683,49,2,0
BRDA:689,50,0,0
BRDA:689,50,1,0
BRDA:693,51,0,0
BRDA:693,51,1,0
BRDA:697,52,0,0
BRDA:697,52,1,0
BRDA:698,53,0,0
BRDA:698,53,1,0
BRDA:698,53,2,0
BRDA:706,54,0,0
BRDA:717,55,0,0
BRDA:719,56,0,0
BRDA:719,57,0,0
BRDA:719,57,1,0
BRDA:719,57,2,0
BRDA:731,58,0,0
BRDA:733,59,0,0
BRDA:733,60,0,0
BRDA:733,60,1,0
BRDA:733,60,2,0
BRDA:743,61,0,0
BRDA:743,61,1,0
BRDA:743,61,2,0
BRDA:743,61,3,0
BRDA:743,61,4,0
BRDA:743,61,5,0
BRDA:743,61,6,0
BRDA:762,62,0,0
BRDA:762,62,1,0
BRDA:762,62,2,0
BRDA:762,62,3,0
BRDA:762,62,4,0
BRDA:762,62,5,0
BRDA:762,62,6,0
BRDA:783,63,0,0
BRDA:783,63,1,0
BRDA:784,64,0,0
BRDA:788,65,0,0
BRDA:792,66,0,0
BRDA:792,67,0,0
BRDA:792,67,1,0
BRDA:793,68,0,0
BRDA:797,69,0,0
BRF:134
BRH:0
end_of_record
TN:
SF:src/generator/data/data-generator.ts
FN:44,(anonymous_0)
FN:65,(anonymous_1)
FN:94,(anonymous_2)
FN:105,(anonymous_3)
FN:120,(anonymous_4)
FN:139,(anonymous_5)
FN:187,(anonymous_6)
FN:235,(anonymous_7)
FN:270,(anonymous_8)
FN:299,(anonymous_9)
FN:310,(anonymous_10)
FN:347,(anonymous_11)
FN:347,(anonymous_12)
FN:356,(anonymous_13)
FN:385,(anonymous_14)
FN:404,(anonymous_15)
FN:435,(anonymous_16)
FN:463,(anonymous_17)
FN:479,(anonymous_18)
FN:485,(anonymous_19)
FN:493,(anonymous_20)
FN:494,(anonymous_21)
FN:504,(anonymous_22)
FN:510,(anonymous_23)
FN:517,(anonymous_24)
FN:524,(anonymous_25)
FN:543,(anonymous_26)
FN:554,(anonymous_27)
FN:572,(anonymous_28)
FN:574,(anonymous_29)
FN:583,(anonymous_30)
FN:588,(anonymous_31)
FN:592,(anonymous_32)
FNF:33
FNH:0
FNDA:0,(anonymous_0)
FNDA:0,(anonymous_1)
FNDA:0,(anonymous_2)
FNDA:0,(anonymous_3)
FNDA:0,(anonymous_4)
FNDA:0,(anonymous_5)
FNDA:0,(anonymous_6)
FNDA:0,(anonymous_7)
FNDA:0,(anonymous_8)
FNDA:0,(anonymous_9)
FNDA:0,(anonymous_10)
FNDA:0,(anonymous_11)
FNDA:0,(anonymous_12)
FNDA:0,(anonymous_13)
FNDA:0,(anonymous_14)
FNDA:0,(anonymous_15)
FNDA:0,(anonymous_16)
FNDA:0,(anonymous_17)
FNDA:0,(anonymous_18)
FNDA:0,(anonymous_19)
FNDA:0,(anonymous_20)
FNDA:0,(anonymous_21)
FNDA:0,(anonymous_22)
FNDA:0,(anonymous_23)
FNDA:0,(anonymous_24)
FNDA:0,(anonymous_25)
FNDA:0,(anonymous_26)
FNDA:0,(anonymous_27)
FNDA:0,(anonymous_28)
FNDA:0,(anonymous_29)
FNDA:0,(anonymous_30)
FNDA:0,(anonymous_31)
FNDA:0,(anonymous_32)
DA:39,0
DA:42,0
DA:45,0
DA:58,0
DA:59,0
DA:69,0
DA:70,0
DA:72,0
DA:73,0
DA:74,0
DA:76,0
DA:87,0
DA:95,0
DA:96,0
DA:97,0
DA:99,0
DA:110,0
DA:111,0
DA:112,0
DA:114,0
DA:125,0
DA:127,0
DA:128,0
DA:129,0
DA:130,0
DA:133,0
DA:141,0
DA:143,0
DA:147,0
DA:148,0
DA:152,0
DA:153,0
DA:155,0
DA:156,0
DA:158,0
DA:159,0
DA:163,0
DA:165,0
DA:167,0
DA:169,0
DA:171,0
DA:173,0
DA:175,0
DA:177,0
DA:180,0
DA:188,0
DA:189,0
DA:193,0
DA:194,0
DA:195,0
DA:197,0
DA:201,0
DA:202,0
DA:206,0
DA:207,0
DA:211,0
DA:212,0
DA:215,0
DA:217,0
DA:218,0
DA:220,0
DA:221,0
DA:223,0
DA:224,0
DA:226,0
DA:229,0
DA:236,0
DA:237,0
DA:240,0
DA:241,0
DA:242,0
DA:245,0
DA:247,0
DA:248,0
DA:250,0
DA:251,0
DA:253,0
DA:254,0
DA:256,0
DA:260,0
DA:261,0
DA:264,0
DA:271,0
DA:272,0
DA:275,0
DA:276,0
DA:279,0
DA:281,0
DA:282,0
DA:284,0
DA:285,0
DA:287,0
DA:288,0
DA:290,0
DA:293,0
DA:300,0
DA:301,0
DA:304,0
DA:311,0
DA:312,0
DA:315,0
DA:316,0
DA:319,0
DA:321,0
DA:322,0
DA:324,0
DA:325,0
DA:327,0
DA:328,0
DA:330,0
DA:333,0
DA:334,0
DA:336,0
DA:337,0
DA:339,0
DA:340,0
DA:341,0
DA:342,0
DA:346,0
DA:347,0
DA:350,0
DA:357,0
DA:358,0
DA:362,0
DA:363,0
DA:366,0
DA:367,0
DA:368,0
DA:371,0
DA:372,0
DA:373,0
DA:375,0
DA:376,0
DA:380,0
DA:385,0
DA:387,0
DA:390,0
DA:392,0
DA:393,0
DA:396,0
DA:397,0
DA:400,0
DA:401,0
DA:404,0
DA:407,0
DA:408,0
DA:410,0
DA:411,0
DA:415,0
DA:420,0
DA:422,0
DA:423,0
DA:424,0
DA:425,0
DA:429,0
DA:436,0
DA:438,0
DA:441,0
DA:443,0
DA:445,0
DA:447,0
DA:449,0
DA:451,0
DA:453,0
DA:455,0
DA:457,0
DA:459,0
DA:465,0
DA:468,0
DA:469,0
DA:471,0
DA:472,0
DA:476,0
DA:481,0
DA:482,0
DA:486,0
DA:487,0
DA:488,0
DA:490,0
DA:494,0
DA:495,0
DA:496,0
DA:497,0
DA:506,0
DA:507,0
DA:512,0
DA:513,0
DA:514,0
DA:519,0
DA:520,0
DA:521,0
DA:526,0
DA:527,0
DA:529,0
DA:530,0
DA:532,0
DA:533,0
DA:537,0
DA:545,0
DA:547,0
DA:548,0
DA:551,0
DA:555,0
DA:557,0
DA:558,0
DA:559,0
DA:560,0
DA:561,0
DA:562,0
DA:563,0
DA:564,0
DA:565,0
DA:566,0
DA:567,0
DA:569,0
DA:573,0
DA:574,0
DA:575,0
DA:576,0
DA:584,0
DA:585,0
DA:589,0
DA:597,0
LF:223
LH:0
BRDA:44,0,0,0
BRDA:58,1,0,0
BRDA:58,1,1,0
BRDA:67,2,0,0
BRDA:87,3,0,0
BRDA:87,3,1,0
BRDA:94,4,0,0
BRDA:95,5,0,0
BRDA:95,6,0,0
BRDA:95,6,1,0
BRDA:95,6,2,0
BRDA:107,7,0,0
BRDA:108,8,0,0
BRDA:110,9,0,0
BRDA:123,10,0,0
BRDA:141,11,0,0
BRDA:147,12,0,0
BRDA:147,13,0,0
BRDA:147,13,1,0
BRDA:147,13,2,0
BRDA:152,14,0,0
BRDA:155,15,0,0
BRDA:158,16,0,0
BRDA:163,17,0,0
BRDA:163,17,1,0
BRDA:163,17,2,0
BRDA:163,17,3,0
BRDA:163,17,4,0
BRDA:163,17,5,0
BRDA:163,17,6,0
BRDA:163,17,7,0
BRDA:188,18,0,0
BRDA:193,19,0,0
BRDA:194,20,0,0
BRDA:201,21,0,0
BRDA:206,22,0,0
BRDA:211,23,0,0
BRDA:211,23,1,0
BRDA:212,24,0,0
BRDA:212,24,1,0
BRDA:215,25,0,0
BRDA:215,25,1,0
BRDA:215,25,2,0
BRDA:215,25,3,0
BRDA:223,26,0,0
BRDA:223,26,1,0
BRDA:236,27,0,0
BRDA:240,28,0,0
BRDA:240,28,1,0
BRDA:241,29,0,0
BRDA:241,29,1,0
BRDA:245,30,0,0
BRDA:245,30,1,0
BRDA:245,30,2,0
BRDA:245,30,3,0
BRDA:253,31,0,0
BRDA:253,31,1,0
BRDA:260,32,0,0
BRDA:271,33,0,0
BRDA:275,34,0,0
BRDA:275,34,1,0
BRDA:276,35,0,0
BRDA:276,35,1,0
BRDA:279,36,0,0
BRDA:279,36,1,0
BRDA:279,36,2,0
BRDA:279,36,3,0
BRDA:287,37,0,0
BRDA:287,37,1,0
BRDA:300,38,0,0
BRDA:311,39,0,0
BRDA:315,40,0,0
BRDA:315,40,1,0
BRDA:316,41,0,0
BRDA:316,41,1,0
BRDA:319,42,0,0
BRDA:319,42,1,0
BRDA:319,42,2,0
BRDA:319,42,3,0
BRDA:327,43,0,0
BRDA:327,43,1,0
BRDA:334,44,0,0
BRDA:334,44,1,0
BRDA:339,45,0,0
BRDA:339,45,1,0
BRDA:346,46,0,0
BRDA:346,47,0,0
BRDA:346,47,1,0
BRDA:357,48,0,0
BRDA:362,49,0,0
BRDA:367,50,0,0
BRDA:367,50,1,0
BRDA:368,51,0,0
BRDA:368,51,1,0
BRDA:372,52,0,0
BRDA:375,53,0,0
BRDA:375,53,1,0
BRDA:387,54,0,0
BRDA:390,55,0,0
BRDA:390,55,1,0
BRDA:390,55,2,0
BRDA:390,55,3,0
BRDA:410,56,0,0
BRDA:410,56,1,0
BRDA:420,57,0,0
BRDA:420,58,0,0
BRDA:420,58,1,0
BRDA:436,59,0,0
BRDA:436,59,1,0
BRDA:436,59,2,0
BRDA:436,59,3,0
BRDA:436,59,4,0
BRDA:436,59,5,0
BRDA:436,59,6,0
BRDA:436,59,7,0
BRDA:436,59,8,0
BRDA:436,59,9,0
BRDA:436,59,10,0
BRDA:436,59,11,0
BRDA:438,60,0,0
BRDA:438,60,1,0
BRDA:441,61,0,0
BRDA:441,61,1,0
BRDA:457,62,0,0
BRDA:457,62,1,0
BRDA:459,63,0,0
BRDA:459,63,1,0
BRDA:465,64,0,0
BRDA:465,64,1,0
BRDA:468,65,0,0
BRDA:471,66,0,0
BRDA:485,67,0,0
BRDA:496,68,0,0
BRDA:496,68,1,0
BRDA:513,69,0,0
BRDA:520,70,0,0
BRDA:526,71,0,0
BRDA:529,72,0,0
BRDA:532,73,0,0
BRDA:557,74,0,0
BRDA:558,75,0,0
BRDA:559,76,0,0
BRDA:560,77,0,0
BRDA:561,78,0,0
BRDA:562,79,0,0
BRDA:563,80,0,0
BRDA:564,81,0,0
BRDA:565,82,0,0
BRDA:566,83,0,0
BRDA:567,84,0,0
BRDA:584,85,0,0
BRDA:584,85,1,0
BRF:152
BRH:0
end_of_record
TN:
SF:src/generator/helpers/api-client.ts
FN:51,(anonymous_0)
FN:71,(anonymous_1)
FN:78,(anonymous_2)
FN:85,(anonymous_3)
FN:92,(anonymous_4)
FN:99,(anonymous_5)
FN:106,(anonymous_6)
FN:113,(anonymous_7)
FN:120,(anonymous_8)
FN:153,(anonymous_9)
FN:169,(anonymous_10)
FN:174,(anonymous_11)
FN:192,(anonymous_12)
FN:211,(anonymous_13)
FN:244,(anonymous_14)
FN:260,(anonymous_15)
FN:262,(anonymous_16)
FN:271,(anonymous_17)
FN:302,(anonymous_18)
FN:305,(anonymous_19)
FN:318,(anonymous_20)
FN:321,(anonymous_21)
FN:331,(anonymous_22)
FN:356,(anonymous_23)
FN:363,(anonymous_24)
FN:377,(anonymous_25)
FN:396,createApiClient
FNF:27
FNH:0
FNDA:0,(anonymous_0)
FNDA:0,(anonymous_1)
FNDA:0,(anonymous_2)
FNDA:0,(anonymous_3)
FNDA:0,(anonymous_4)
FNDA:0,(anonymous_5)
FNDA:0,(anonymous_6)
FNDA:0,(anonymous_7)
FNDA:0,(anonymous_8)
FNDA:0,(anonymous_9)
FNDA:0,(anonymous_10)
FNDA:0,(anonymous_11)
FNDA:0,(anonymous_12)
FNDA:0,(anonymous_13)
FNDA:0,(anonymous_14)
FNDA:0,(anonymous_15)
FNDA:0,(anonymous_16)
FNDA:0,(anonymous_17)
FNDA:0,(anonymous_18)
FNDA:0,(anonymous_19)
FNDA:0,(anonymous_20)
FNDA:0,(anonymous_21)
FNDA:0,(anonymous_22)
FNDA:0,(anonymous_23)
FNDA:0,(anonymous_24)
FNDA:0,(anonymous_25)
FNDA:0,createApiClient
DA:44,0
DA:46,0
DA:52,0
DA:58,0
DA:59,0
DA:63,0
DA:64,0
DA:72,0
DA:79,0
DA:86,0
DA:93,0
DA:100,0
DA:107,0
DA:114,0
DA:121,0
DA:123,0
DA:124,0
DA:125,0
DA:126,0
DA:128,0
DA:134,0
DA:136,0
DA:137,0
DA:138,0
DA:141,0
DA:154,0
DA:155,0
DA:156,0
DA:158,0
DA:170,0
DA:172,0
DA:173,0
DA:174,0
DA:175,0
DA:176,0
DA:180,0
DA:181,0
DA:182,0
DA:186,0
DA:193,0
DA:195,0
DA:201,0
DA:202,0
DA:203,0
DA:205,0
DA:210,0
DA:211,0
DA:212,0
DA:214,0
DA:215,0
DA:216,0
DA:219,0
DA:220,0
DA:222,0
DA:231,0
DA:233,0
DA:234,0
DA:237,0
DA:245,0
DA:247,0
DA:248,0
DA:249,0
DA:250,0
DA:251,0
DA:253,0
DA:261,0
DA:262,0
DA:263,0
DA:265,0
DA:272,0
DA:274,0
DA:275,0
DA:277,0
DA:279,0
DA:280,0
DA:281,0
DA:283,0
DA:285,0
DA:286,0
DA:287,0
DA:289,0
DA:292,0
DA:293,0
DA:295,0
DA:304,0
DA:305,0
DA:306,0
DA:307,0
DA:311,0
DA:312,0
DA:319,0
DA:320,0
DA:321,0
DA:322,0
DA:323,0
DA:337,0
DA:338,0
DA:339,0
DA:345,0
DA:357,0
DA:364,0
DA:371,0
DA:384,0
DA:385,0
DA:386,0
DA:387,0
DA:388,0
DA:389,0
DA:396,0
DA:397,0
DA:403,0
LF:111
LH:0
BRDA:58,0,0,0
BRDA:63,1,0,0
BRDA:136,2,0,0
BRDA:142,3,0,0
BRDA:142,3,1,0
BRDA:154,4,0,0
BRDA:154,4,1,0
BRDA:156,5,0,0
BRDA:156,5,1,0
BRDA:170,6,0,0
BRDA:170,6,1,0
BRDA:172,7,0,0
BRDA:172,8,0,0
BRDA:172,8,1,0
BRDA:175,9,0,0
BRDA:175,10,0,0
BRDA:175,10,1,0
BRDA:181,11,0,0
BRDA:182,12,0,0
BRDA:182,12,1,0
BRDA:193,13,0,0
BRDA:201,14,0,0
BRDA:201,15,0,0
BRDA:201,15,1,0
BRDA:202,16,0,0
BRDA:202,16,1,0
BRDA:233,17,0,0
BRDA:233,18,0,0
BRDA:233,18,1,0
BRDA:245,19,0,0
BRDA:245,19,1,0
BRDA:247,20,0,0
BRDA:247,20,1,0
BRDA:249,21,0,0
BRDA:249,21,1,0
BRDA:250,22,0,0
BRDA:250,22,1,0
BRDA:272,23,0,0
BRDA:272,23,1,0
BRDA:272,23,2,0
BRDA:272,23,3,0
BRDA:274,24,0,0
BRDA:279,25,0,0
BRDA:280,26,0,0
BRDA:280,26,1,0
BRDA:285,27,0,0
BRDA:285,28,0,0
BRDA:285,28,1,0
BRDA:292,29,0,0
BRDA:306,30,0,0
BRDA:306,31,0,0
BRDA:306,31,1,0
BRDA:322,32,0,0
BRDA:322,33,0,0
BRDA:322,33,1,0
BRDA:331,34,0,0
BRDA:347,35,0,0
BRDA:347,35,1,0
BRDA:348,36,0,0
BRDA:348,36,1,0
BRF:60
BRH:0
end_of_record
TN:
SF:src/generator/mapper/operation-mapper.ts
FN:89,(anonymous_0)
FN:96,(anonymous_1)
FN:112,(anonymous_2)
FN:130,(anonymous_3)
FN:154,(anonymous_4)
FN:182,(anonymous_5)
FN:210,(anonymous_6)
FN:249,(anonymous_7)
FN:291,(anonymous_8)
FN:314,(anonymous_9)
FN:340,(anonymous_10)
FN:380,(anonymous_11)
FN:405,(anonymous_12)
FN:411,(anonymous_13)
FN:415,(anonymous_14)
FN:416,(anonymous_15)
FN:419,(anonymous_16)
FN:423,(anonymous_17)
FN:424,(anonymous_18)
FN:427,(anonymous_19)
FN:441,(anonymous_20)
FN:451,(anonymous_21)
FN:461,(anonymous_22)
FN:471,(anonymous_23)
FN:481,(anonymous_24)
FN:489,(anonymous_25)
FN:497,(anonymous_26)
FN:509,(anonymous_27)
FN:521,(anonymous_28)
FN:533,(anonymous_29)
FN:545,(anonymous_30)
FN:557,(anonymous_31)
FN:562,(anonymous_32)
FN:577,(anonymous_33)
FN:584,(anonymous_34)
FN:600,(anonymous_35)
FN:610,(anonymous_36)
FN:614,(anonymous_37)
FN:618,(anonymous_38)
FN:622,(anonymous_39)
FN:628,(anonymous_40)
FN:632,(anonymous_41)
FNF:42
FNH:0
FNDA:0,(anonymous_0)
FNDA:0,(anonymous_1)
FNDA:0,(anonymous_2)
FNDA:0,(anonymous_3)
FNDA:0,(anonymous_4)
FNDA:0,(anonymous_5)
FNDA:0,(anonymous_6)
FNDA:0,(anonymous_7)
FNDA:0,(anonymous_8)
FNDA:0,(anonymous_9)
FNDA:0,(anonymous_10)
FNDA:0,(anonymous_11)
FNDA:0,(anonymous_12)
FNDA:0,(anonymous_13)
FNDA:0,(anonymous_14)
FNDA:0,(anonymous_15)
FNDA:0,(anonymous_16)
FNDA:0,(anonymous_17)
FNDA:0,(anonymous_18)
FNDA:0,(anonymous_19)
FNDA:0,(anonymous_20)
FNDA:0,(anonymous_21)
FNDA:0,(anonymous_22)
FNDA:0,(anonymous_23)
FNDA:0,(anonymous_24)
FNDA:0,(anonymous_25)
FNDA:0,(anonymous_26)
FNDA:0,(anonymous_27)
FNDA:0,(anonymous_28)
FNDA:0,(anonymous_29)
FNDA:0,(anonymous_30)
FNDA:0,(anonymous_31)
FNDA:0,(anonymous_32)
FNDA:0,(anonymous_33)
FNDA:0,(anonymous_34)
FNDA:0,(anonymous_35)
FNDA:0,(anonymous_36)
FNDA:0,(anonymous_37)
FNDA:0,(anonymous_38)
FNDA:0,(anonymous_39)
FNDA:0,(anonymous_40)
FNDA:0,(anonymous_41)
DA:85,0
DA:87,0
DA:90,0
DA:97,0
DA:98,0
DA:100,0
DA:101,0
DA:102,0
DA:103,0
DA:106,0
DA:113,0
DA:114,0
DA:115,0
DA:116,0
DA:118,0
DA:131,0
DA:134,0
DA:137,0
DA:140,0
DA:143,0
DA:146,0
DA:148,0
DA:155,0
DA:156,0
DA:158,0
DA:159,0
DA:160,0
DA:162,0
DA:176,0
DA:183,0
DA:184,0
DA:186,0
DA:187,0
DA:188,0
DA:190,0
DA:204,0
DA:211,0
DA:214,0
DA:215,0
DA:229,0
DA:230,0
DA:243,0
DA:250,0
DA:253,0
DA:255,0
DA:257,0
DA:271,0
DA:285,0
DA:292,0
DA:295,0
DA:308,0
DA:315,0
DA:318,0
DA:319,0
DA:320,0
DA:321,0
DA:327,0
DA:328,0
DA:329,0
DA:330,0
DA:334,0
DA:341,0
DA:344,0
DA:345,0
DA:346,0
DA:347,0
DA:360,0
DA:361,0
DA:362,0
DA:363,0
DA:374,0
DA:381,0
DA:383,0
DA:385,0
DA:386,0
DA:388,0
DA:390,0
DA:391,0
DA:392,0
DA:393,0
DA:402,0
DA:406,0
DA:407,0
DA:408,0
DA:412,0
DA:414,0
DA:415,0
DA:416,0
DA:420,0
DA:422,0
DA:423,0
DA:424,0
DA:429,0
DA:430,0
DA:434,0
DA:435,0
DA:438,0
DA:443,0
DA:453,0
DA:463,0
DA:473,0
DA:482,0
DA:490,0
DA:498,0
DA:510,0
DA:522,0
DA:534,0
DA:546,0
DA:559,0
DA:563,0
DA:565,0
DA:566,0
DA:574,0
DA:578,0
DA:579,0
DA:581,0
DA:585,0
DA:587,0
DA:589,0
DA:590,0
DA:591,0
DA:592,0
DA:593,0
DA:594,0
DA:595,0
DA:597,0
DA:601,0
DA:602,0
DA:604,0
DA:611,0
DA:615,0
DA:619,0
DA:621,0
DA:622,0
DA:625,0
DA:629,0
DA:631,0
DA:632,0
DA:635,0
LF:139
LH:0
BRDA:163,0,0,0
BRDA:163,0,1,0
BRDA:164,1,0,0
BRDA:164,1,1,0
BRDA:164,1,2,0
BRDA:164,2,0,0
BRDA:164,2,1,0
BRDA:164,2,2,0
BRDA:166,3,0,0
BRDA:166,3,1,0
BRDA:166,4,0,0
BRDA:166,4,1,0
BRDA:166,4,2,0
BRDA:166,5,0,0
BRDA:166,5,1,0
BRDA:166,5,2,0
BRDA:168,6,0,0
BRDA:168,6,1,0
BRDA:191,7,0,0
BRDA:191,7,1,0
BRDA:192,8,0,0
BRDA:192,8,1,0
BRDA:192,9,0,0
BRDA:192,9,1,0
BRDA:194,10,0,0
BRDA:194,10,1,0
BRDA:194,11,0,0
BRDA:194,11,1,0
BRDA:196,12,0,0
BRDA:196,12,1,0
BRDA:216,13,0,0
BRDA:216,13,1,0
BRDA:217,14,0,0
BRDA:217,14,1,0
BRDA:217,15,0,0
BRDA:217,15,1,0
BRDA:221,16,0,0
BRDA:221,16,1,0
BRDA:231,17,0,0
BRDA:231,17,1,0
BRDA:232,18,0,0
BRDA:232,18,1,0
BRDA:232,19,0,0
BRDA:232,19,1,0
BRDA:236,20,0,0
BRDA:236,20,1,0
BRDA:255,21,0,0
BRDA:258,22,0,0
BRDA:258,22,1,0
BRDA:259,23,0,0
BRDA:259,23,1,0
BRDA:259,24,0,0
BRDA:259,24,1,0
BRDA:263,25,0,0
BRDA:263,25,1,0
BRDA:272,26,0,0
BRDA:272,26,1,0
BRDA:273,27,0,0
BRDA:273,27,1,0
BRDA:273,28,0,0
BRDA:273,28,1,0
BRDA:277,29,0,0
BRDA:277,29,1,0
BRDA:296,30,0,0
BRDA:296,30,1,0
BRDA:297,31,0,0
BRDA:297,31,1,0
BRDA:297,32,0,0
BRDA:297,32,1,0
BRDA:301,33,0,0
BRDA:301,33,1,0
BRDA:318,34,0,0
BRDA:320,35,0,0
BRDA:320,36,0,0
BRDA:320,36,1,0
BRDA:320,36,2,0
BRDA:327,37,0,0
BRDA:327,38,0,0
BRDA:327,38,1,0
BRDA:329,39,0,0
BRDA:329,40,0,0
BRDA:329,40,1,0
BRDA:344,41,0,0
BRDA:346,42,0,0
BRDA:346,43,0,0
BRDA:346,43,1,0
BRDA:351,44,0,0
BRDA:351,44,1,0
BRDA:360,45,0,0
BRDA:360,46,0,0
BRDA:360,46,1,0
BRDA:362,47,0,0
BRDA:362,48,0,0
BRDA:362,48,1,0
BRDA:367,49,0,0
BRDA:367,49,1,0
BRDA:383,50,0,0
BRDA:386,51,0,0
BRDA:386,52,0,0
BRDA:386,52,1,0
BRDA:392,53,0,0
BRDA:406,54,0,0
BRDA:406,54,1,0
BRDA:406,54,2,0
BRDA:407,55,0,0
BRDA:407,55,1,0
BRDA:407,55,2,0
BRDA:412,56,0,0
BRDA:415,57,0,0
BRDA:415,57,1,0
BRDA:420,58,0,0
BRDA:423,59,0,0
BRDA:423,59,1,0
BRDA:429,60,0,0
BRDA:429,61,0,0
BRDA:429,61,1,0
BRDA:434,62,0,0
BRDA:434,63,0,0
BRDA:434,63,1,0
BRDA:441,64,0,0
BRDA:565,65,0,0
BRDA:578,66,0,0
BRDA:578,67,0,0
BRDA:578,67,1,0
BRDA:578,67,2,0
BRDA:579,68,0,0
BRDA:579,68,1,0
BRDA:585,69,0,0
BRDA:589,70,0,0
BRDA:590,71,0,0
BRDA:591,72,0,0
BRDA:592,73,0,0
BRDA:593,74,0,0
BRDA:594,75,0,0
BRDA:595,76,0,0
BRDA:601,77,0,0
BRDA:601,78,0,0
BRDA:601,78,1,0
BRDA:601,78,2,0
BRF:139
BRH:0
end_of_record
TN:
SF:src/generator/templates/base-template.ts
FN:44,(anonymous_0)
FN:50,(anonymous_1)
FN:57,(anonymous_2)
FN:59,(anonymous_3)
FN:62,(anonymous_4)
FN:69,(anonymous_5)
FN:96,(anonymous_6)
FN:99,(anonymous_7)
FN:103,(anonymous_8)
FN:107,(anonymous_9)
FN:111,(anonymous_10)
FNF:11
FNH:0
FNDA:0,(anonymous_0)
FNDA:0,(anonymous_1)
FNDA:0,(anonymous_2)
FNDA:0,(anonymous_3)
FNDA:0,(anonymous_4)
FNDA:0,(anonymous_5)
FNDA:0,(anonymous_6)
FNDA:0,(anonymous_7)
FNDA:0,(anonymous_8)
FNDA:0,(anonymous_9)
FNDA:0,(anonymous_10)
DA:39,0
DA:45,0
DA:51,0
DA:52,0
DA:54,0
DA:58,0
DA:59,0
DA:63,0
DA:64,0
DA:67,0
DA:68,0
DA:69,0
DA:70,0
DA:71,0
DA:76,0
DA:77,0
DA:78,0
DA:79,0
DA:81,0
DA:96,0
DA:97,0
DA:100,0
DA:104,0
DA:108,0
DA:112,0
LF:25
LH:0
BRDA:51,0,0,0
BRDA:51,1,0,0
BRDA:51,1,1,0
BRDA:59,2,0,0
BRDA:59,2,1,0
BRDA:68,3,0,0
BRDA:68,4,0,0
BRDA:68,4,1,0
BRDA:70,5,0,0
BRDA:76,6,0,0
BRDA:76,6,1,0
BRDA:76,7,0,0
BRDA:76,7,1,0
BRDA:78,8,0,0
BRDA:78,8,1,0
BRDA:78,9,0,0
BRDA:78,9,1,0
BRF:17
BRH:0
end_of_record
TN:
SF:src/generator/templates/index.ts
FN:6,(anonymous_0)
FN:6,(anonymous_1)
FN:7,(anonymous_2)
FN:8,(anonymous_3)
FN:23,getTemplate
FN:27,getSupportedFrameworks
FN:31,isFrameworkSupported
FNF:7
FNH:0
FNDA:0,(anonymous_0)
FNDA:0,(anonymous_1)
FNDA:0,(anonymous_2)
FNDA:0,(anonymous_3)
FNDA:0,getTemplate
FNDA:0,getSupportedFrameworks
FNDA:0,isFrameworkSupported
DA:6,0
DA:7,0
DA:8,0
DA:13,0
DA:14,0
DA:15,0
DA:17,0
DA:20,0
DA:21,0
DA:23,0
DA:24,0
DA:27,0
DA:28,0
DA:31,0
DA:32,0
LF:15
LH:0
BRF:0
BRH:0
end_of_record
TN:
SF:src/generator/templates/jest-template.ts
FN:10,(anonymous_0)
FN:14,(anonymous_1)
FN:49,(anonymous_2)
FN:98,(anonymous_3)
FN:105,(anonymous_4)
FN:112,(anonymous_5)
FN:124,(anonymous_6)
FN:129,(anonymous_7)
FN:155,(anonymous_8)
FN:159,(anonymous_9)
FN:184,(anonymous_10)
FN:229,(anonymous_11)
FNF:12
FNH:0
FNDA:0,(anonymous_0)
FNDA:0,(anonymous_1)
FNDA:0,(anonymous_2)
FNDA:0,(anonymous_3)
FNDA:0,(anonymous_4)
FNDA:0,(anonymous_5)
FNDA:0,(anonymous_6)
FNDA:0,(anonymous_7)
FNDA:0,(anonymous_8)
FNDA:0,(anonymous_9)
FNDA:0,(anonymous_10)
FNDA:0,(anonymous_11)
DA:7,0
DA:10,0
DA:11,0
DA:12,0
DA:16,0
DA:22,0
DA:28,0
DA:29,0
DA:36,0
DA:37,0
DA:42,0
DA:50,0
DA:63,0
DA:64,0
DA:66,0
DA:70,0
DA:72,0
DA:73,0
DA:77,0
DA:81,0
DA:95,0
DA:99,0
DA:102,0
DA:105,0
DA:106,0
DA:109,0
DA:113,0
DA:114,0
DA:116,0
DA:130,0
DA:131,0
DA:133,0
DA:135,0
DA:137,0
DA:138,0
DA:140,0
DA:143,0
DA:145,0
DA:147,0
DA:149,0
DA:151,0
DA:156,0
DA:160,0
DA:162,0
DA:166,0
DA:167,0
DA:171,0
DA:181,0
DA:185,0
DA:186,0
DA:189,0
DA:190,0
DA:194,0
DA:195,0
DA:201,0
DA:205,0
DA:206,0
DA:209,0
DA:211,0
DA:212,0
DA:220,0
DA:221,0
DA:223,0
DA:226,0
DA:230,0
DA:240,0
LF:66
LH:0
BRDA:28,0,0,0
BRDA:36,1,0,0
BRDA:63,2,0,0
BRDA:64,3,0,0
BRDA:64,3,1,0
BRDA:72,4,0,0
BRDA:72,4,1,0
BRDA:114,5,0,0
BRDA:114,5,1,0
BRDA:131,6,0,0
BRDA:131,6,1,0
BRDA:133,7,0,0
BRDA:133,7,1,0
BRDA:133,7,2,0
BRDA:133,7,3,0
BRDA:133,7,4,0
BRDA:133,7,5,0
BRDA:133,7,6,0
BRDA:137,8,0,0
BRDA:137,8,1,0
BRDA:166,9,0,0
BRDA:189,10,0,0
BRDA:189,11,0,0
BRDA:189,11,1,0
BRDA:194,12,0,0
BRDA:194,13,0,0
BRDA:194,13,1,0
BRDA:211,14,0,0
BRDA:220,15,0,0
BRDA:220,15,1,0
BRDA:240,16,0,0
BRDA:240,16,1,0
BRF:32
BRH:0
end_of_record
TN:
SF:src/generator/templates/mocha-template.ts
FN:10,(anonymous_0)
FN:14,(anonymous_1)
FN:50,(anonymous_2)
FN:107,(anonymous_3)
FN:114,(anonymous_4)
FN:121,(anonymous_5)
FN:134,(anonymous_6)
FN:138,(anonymous_7)
FN:164,(anonymous_8)
FN:168,(anonymous_9)
FN:201,(anonymous_10)
FN:246,(anonymous_11)
FNF:12
FNH:0
FNDA:0,(anonymous_0)
FNDA:0,(anonymous_1)
FNDA:0,(anonymous_2)
FNDA:0,(anonymous_3)
FNDA:0,(anonymous_4)
FNDA:0,(anonymous_5)
FNDA:0,(anonymous_6)
FNDA:0,(anonymous_7)
FNDA:0,(anonymous_8)
FNDA:0,(anonymous_9)
FNDA:0,(anonymous_10)
FNDA:0,(anonymous_11)
DA:7,0
DA:10,0
DA:11,0
DA:12,0
DA:16,0
DA:22,0
DA:28,0
DA:29,0
DA:36,0
DA:42,0
DA:43,0
DA:51,0
DA:66,0
DA:67,0
DA:69,0
DA:73,0
DA:75,0
DA:76,0
DA:80,0
DA:84,0
DA:91,0
DA:92,0
DA:96,0
DA:104,0
DA:108,0
DA:111,0
DA:114,0
DA:115,0
DA:118,0
DA:122,0
DA:123,0
DA:125,0
DA:139,0
DA:140,0
DA:142,0
DA:144,0
DA:146,0
DA:147,0
DA:149,0
DA:152,0
DA:154,0
DA:156,0
DA:158,0
DA:160,0
DA:165,0
DA:169,0
DA:171,0
DA:175,0
DA:176,0
DA:188,0
DA:198,0
DA:202,0
DA:203,0
DA:206,0
DA:207,0
DA:211,0
DA:212,0
DA:218,0
DA:222,0
DA:223,0
DA:226,0
DA:228,0
DA:229,0
DA:237,0
DA:238,0
DA:240,0
DA:243,0
DA:247,0
DA:257,0
LF:69
LH:0
BRDA:28,0,0,0
BRDA:42,1,0,0
BRDA:66,2,0,0
BRDA:67,3,0,0
BRDA:67,3,1,0
BRDA:75,4,0,0
BRDA:75,4,1,0
BRDA:91,5,0,0
BRDA:123,6,0,0
BRDA:123,6,1,0
BRDA:140,7,0,0
BRDA:140,7,1,0
BRDA:142,8,0,0
BRDA:142,8,1,0
BRDA:142,8,2,0
BRDA:142,8,3,0
BRDA:142,8,4,0
BRDA:142,8,5,0
BRDA:142,8,6,0
BRDA:146,9,0,0
BRDA:146,9,1,0
BRDA:175,10,0,0
BRDA:175,10,1,0
BRDA:206,11,0,0
BRDA:206,12,0,0
BRDA:206,12,1,0
BRDA:211,13,0,0
BRDA:211,14,0,0
BRDA:211,14,1,0
BRDA:228,15,0,0
BRDA:237,16,0,0
BRDA:237,16,1,0
BRDA:257,17,0,0
BRDA:257,17,1,0
BRF:34
BRH:0
end_of_record
TN:
SF:src/integration/index.ts
FN:6,(anonymous_0)
FN:7,(anonymous_1)
FN:8,(anonymous_2)
FNF:3
FNH:0
FNDA:0,(anonymous_0)
FNDA:0,(anonymous_1)
FNDA:0,(anonymous_2)
DA:6,0
DA:7,0
DA:8,0
LF:3
LH:0
BRF:0
BRH:0
end_of_record
TN:
SF:src/integration/integration-cli.ts
FN:31,(anonymous_9)
FN:38,(anonymous_10)
FN:70,(anonymous_11)
FN:71,(anonymous_12)
FN:96,(anonymous_13)
FN:152,(anonymous_14)
FN:157,(anonymous_15)
FN:162,(anonymous_16)
FN:173,(anonymous_17)
FN:198,(anonymous_18)
FN:199,(anonymous_19)
FN:200,(anonymous_20)
FN:209,(anonymous_21)
FN:229,(anonymous_22)
FN:280,(anonymous_23)
FN:287,(anonymous_24)
FN:294,(anonymous_25)
FN:305,(anonymous_26)
FN:306,(anonymous_27)
FN:310,(anonymous_28)
FN:314,(anonymous_29)
FN:318,(anonymous_30)
FN:322,(anonymous_31)
FN:328,(anonymous_32)
FN:332,(anonymous_33)
FN:336,(anonymous_34)
FN:342,(anonymous_35)
FN:346,(anonymous_36)
FN:350,(anonymous_37)
FN:354,(anonymous_38)
FN:358,(anonymous_39)
FN:362,(anonymous_40)
FN:370,(anonymous_41)
FN:374,(anonymous_42)
FN:382,(anonymous_43)
FN:394,(anonymous_44)
FN:411,(anonymous_45)
FN:433,(anonymous_46)
FN:441,(anonymous_47)
FN:442,(anonymous_48)
FN:448,(anonymous_49)
FN:458,(anonymous_50)
FN:464,(anonymous_51)
FN:501,(anonymous_52)
FN:510,(anonymous_53)
FN:521,(anonymous_54)
FN:526,(anonymous_55)
FN:533,(anonymous_56)
FNF:48
FNH:0
FNDA:0,(anonymous_9)
FNDA:0,(anonymous_10)
FNDA:0,(anonymous_11)
FNDA:0,(anonymous_12)
FNDA:0,(anonymous_13)
FNDA:0,(anonymous_14)
FNDA:0,(anonymous_15)
FNDA:0,(anonymous_16)
FNDA:0,(anonymous_17)
FNDA:0,(anonymous_18)
FNDA:0,(anonymous_19)
FNDA:0,(anonymous_20)
FNDA:0,(anonymous_21)
FNDA:0,(anonymous_22)
FNDA:0,(anonymous_23)
FNDA:0,(anonymous_24)
FNDA:0,(anonymous_25)
FNDA:0,(anonymous_26)
FNDA:0,(anonymous_27)
FNDA:0,(anonymous_28)
FNDA:0,(anonymous_29)
FNDA:0,(anonymous_30)
FNDA:0,(anonymous_31)
FNDA:0,(anonymous_32)
FNDA:0,(anonymous_33)
FNDA:0,(anonymous_34)
FNDA:0,(anonymous_35)
FNDA:0,(anonymous_36)
FNDA:0,(anonymous_37)
FNDA:0,(anonymous_38)
FNDA:0,(anonymous_39)
FNDA:0,(anonymous_40)
FNDA:0,(anonymous_41)
FNDA:0,(anonymous_42)
FNDA:0,(anonymous_43)
FNDA:0,(anonymous_44)
FNDA:0,(anonymous_45)
FNDA:0,(anonymous_46)
FNDA:0,(anonymous_47)
FNDA:0,(anonymous_48)
FNDA:0,(anonymous_49)
FNDA:0,(anonymous_50)
FNDA:0,(anonymous_51)
FNDA:0,(anonymous_52)
FNDA:0,(anonymous_53)
FNDA:0,(anonymous_54)
FNDA:0,(anonymous_55)
FNDA:0,(anonymous_56)
DA:6,0
DA:8,0
DA:9,0
DA:28,0
DA:32,0
DA:39,0
DA:40,0
DA:43,0
DA:45,0
DA:46,0
DA:47,0
DA:50,0
DA:51,0
DA:52,0
DA:53,0
DA:57,0
DA:60,0
DA:63,0
DA:66,0
DA:69,0
DA:70,0
DA:71,0
DA:73,0
DA:74,0
DA:75,0
DA:77,0
DA:78,0
DA:82,0
DA:83,0
DA:85,0
DA:86,0
DA:89,0
DA:104,0
DA:105,0
DA:109,0
DA:111,0
DA:115,0
DA:116,0
DA:119,0
DA:127,0
DA:131,0
DA:132,0
DA:135,0
DA:136,0
DA:137,0
DA:138,0
DA:139,0
DA:140,0
DA:143,0
DA:144,0
DA:145,0
DA:153,0
DA:155,0
DA:157,0
DA:158,0
DA:159,0
DA:161,0
DA:162,0
DA:163,0
DA:166,0
DA:174,0
DA:175,0
DA:177,0
DA:180,0
DA:182,0
DA:183,0
DA:186,0
DA:187,0
DA:191,0
DA:192,0
DA:194,0
DA:198,0
DA:199,0
DA:200,0
DA:201,0
DA:202,0
DA:207,0
DA:208,0
DA:209,0
DA:210,0
DA:212,0
DA:214,0
DA:215,0
DA:220,0
DA:221,0
DA:222,0
DA:232,0
DA:234,0
DA:235,0
DA:236,0
DA:238,0
DA:242,0
DA:243,0
DA:246,0
DA:254,0
DA:258,0
DA:259,0
DA:262,0
DA:263,0
DA:266,0
DA:267,0
DA:270,0
DA:271,0
DA:274,0
DA:275,0
DA:279,0
DA:280,0
DA:281,0
DA:286,0
DA:287,0
DA:288,0
DA:293,0
DA:294,0
DA:295,0
DA:299,0
DA:306,0
DA:307,0
DA:310,0
DA:311,0
DA:314,0
DA:315,0
DA:318,0
DA:319,0
DA:322,0
DA:323,0
DA:324,0
DA:325,0
DA:328,0
DA:329,0
DA:332,0
DA:333,0
DA:336,0
DA:337,0
DA:338,0
DA:339,0
DA:342,0
DA:343,0
DA:346,0
DA:347,0
DA:350,0
DA:351,0
DA:354,0
DA:355,0
DA:358,0
DA:359,0
DA:362,0
DA:363,0
DA:371,0
DA:373,0
DA:374,0
DA:375,0
DA:376,0
DA:377,0
DA:381,0
DA:382,0
DA:383,0
DA:384,0
DA:385,0
DA:387,0
DA:388,0
DA:392,0
DA:393,0
DA:394,0
DA:395,0
DA:396,0
DA:400,0
DA:401,0
DA:402,0
DA:403,0
DA:404,0
DA:405,0
DA:412,0
DA:415,0
DA:416,0
DA:417,0
DA:418,0
DA:419,0
DA:420,0
DA:421,0
DA:422,0
DA:425,0
DA:426,0
DA:427,0
DA:428,0
DA:431,0
DA:432,0
DA:433,0
DA:434,0
DA:437,0
DA:438,0
DA:440,0
DA:441,0
DA:442,0
DA:443,0
DA:446,0
DA:447,0
DA:448,0
DA:449,0
DA:456,0
DA:457,0
DA:458,0
DA:459,0
DA:460,0
DA:461,0
DA:463,0
DA:464,0
DA:465,0
DA:467,0
DA:474,0
DA:475,0
DA:476,0
DA:477,0
DA:478,0
DA:479,0
DA:480,0
DA:481,0
DA:485,0
DA:486,0
DA:487,0
DA:488,0
DA:489,0
DA:490,0
DA:491,0
DA:495,0
DA:496,0
DA:499,0
DA:500,0
DA:501,0
DA:502,0
DA:511,0
DA:513,0
DA:514,0
DA:515,0
DA:516,0
DA:517,0
DA:518,0
DA:520,0
DA:521,0
DA:522,0
DA:525,0
DA:526,0
DA:527,0
DA:528,0
DA:531,0
DA:532,0
DA:533,0
DA:534,0
DA:540,0
LF:248
LH:0
BRDA:45,0,0,0
BRDA:50,1,0,0
BRDA:60,2,0,0
BRDA:60,2,1,0
BRDA:69,3,0,0
BRDA:69,3,1,0
BRDA:69,3,2,0
BRDA:73,4,0,0
BRDA:73,4,1,0
BRDA:83,5,0,0
BRDA:83,5,1,0
BRDA:85,6,0,0
BRDA:85,7,0,0
BRDA:85,7,1,0
BRDA:85,7,2,0
BRDA:109,8,0,0
BRDA:109,8,1,0
BRDA:144,9,0,0
BRDA:144,9,1,0
BRDA:161,10,0,0
BRDA:173,11,0,0
BRDA:182,12,0,0
BRDA:186,13,0,0
BRDA:201,14,0,0
BRDA:207,15,0,0
BRDA:207,15,1,0
BRDA:214,16,0,0
BRDA:221,17,0,0
BRDA:221,17,1,0
BRDA:232,18,0,0
BRDA:232,18,1,0
BRDA:236,19,0,0
BRDA:236,19,1,0
BRDA:258,20,0,0
BRDA:262,21,0,0
BRDA:266,22,0,0
BRDA:270,23,0,0
BRDA:274,24,0,0
BRDA:279,25,0,0
BRDA:279,26,0,0
BRDA:279,26,1,0
BRDA:286,27,0,0
BRDA:286,28,0,0
BRDA:286,28,1,0
BRDA:288,29,0,0
BRDA:288,29,1,0
BRDA:293,30,0,0
BRDA:293,31,0,0
BRDA:293,31,1,0
BRDA:311,32,0,0
BRDA:315,33,0,0
BRDA:323,34,0,0
BRDA:323,34,1,0
BRDA:337,35,0,0
BRDA:337,35,1,0
BRDA:347,36,0,0
BRDA:351,37,0,0
BRDA:355,38,0,0
BRDA:376,39,0,0
BRDA:383,40,0,0
BRDA:383,40,1,0
BRDA:384,41,0,0
BRDA:384,41,1,0
BRDA:387,42,0,0
BRDA:392,43,0,0
BRDA:403,44,0,0
BRDA:403,44,1,0
BRDA:404,45,0,0
BRDA:404,45,1,0
BRDA:431,46,0,0
BRDA:434,47,0,0
BRDA:434,47,1,0
BRDA:435,48,0,0
BRDA:435,48,1,0
BRDA:436,49,0,0
BRDA:436,49,1,0
BRDA:440,50,0,0
BRDA:446,51,0,0
BRDA:456,52,0,0
BRDA:459,53,0,0
BRDA:459,53,1,0
BRDA:463,54,0,0
BRDA:465,55,0,0
BRDA:465,55,1,0
BRDA:466,56,0,0
BRDA:466,56,1,0
BRDA:474,57,0,0
BRDA:485,58,0,0
BRDA:499,59,0,0
BRDA:517,60,0,0
BRDA:517,60,1,0
BRDA:518,61,0,0
BRDA:518,61,1,0
BRDA:527,62,0,0
BRDA:527,62,1,0
BRDA:531,63,0,0
BRF:96
BRH:0
end_of_record
TN:
SF:src/monitoring/system-monitor.ts
FN:159,(anonymous_9)
FN:167,(anonymous_10)
FN:175,(anonymous_11)
FN:192,(anonymous_12)
FN:209,(anonymous_13)
FN:239,(anonymous_14)
FN:258,(anonymous_15)
FN:265,(anonymous_16)
FN:291,(anonymous_17)
FN:292,(anonymous_18)
FN:297,(anonymous_19)
FN:299,(anonymous_20)
FN:314,(anonymous_21)
FN:321,(anonymous_22)
FN:328,(anonymous_23)
FN:330,(anonymous_24)
FN:336,(anonymous_25)
FN:395,(anonymous_26)
FN:396,(anonymous_27)
FN:399,(anonymous_28)
FN:408,(anonymous_29)
FN:409,(anonymous_30)
FN:430,(anonymous_31)
FN:453,(anonymous_32)
FN:457,(anonymous_33)
FN:469,(anonymous_34)
FN:486,(anonymous_35)
FN:490,(anonymous_36)
FN:498,(anonymous_37)
FN:500,(anonymous_38)
FN:514,(anonymous_39)
FN:523,(anonymous_40)
FN:526,(anonymous_41)
FN:534,(anonymous_42)
FN:535,(anonymous_43)
FN:538,(anonymous_44)
FN:538,(anonymous_45)
FN:539,(anonymous_46)
FN:553,(anonymous_47)
FN:588,(anonymous_48)
FN:596,(anonymous_49)
FN:626,(anonymous_50)
FN:640,(anonymous_51)
FN:653,(anonymous_52)
FN:654,(anonymous_53)
FN:676,(anonymous_54)
FN:685,(anonymous_55)
FN:722,(anonymous_56)
FN:759,(anonymous_57)
FN:786,(anonymous_58)
FN:795,(anonymous_59)
FN:811,(anonymous_60)
FN:813,(anonymous_61)
FN:821,(anonymous_62)
FN:824,(anonymous_63)
FN:825,(anonymous_64)
FN:826,(anonymous_65)
FN:834,(anonymous_66)
FN:842,(anonymous_67)
FNF:59
FNH:0
FNDA:0,(anonymous_9)
FNDA:0,(anonymous_10)
FNDA:0,(anonymous_11)
FNDA:0,(anonymous_12)
FNDA:0,(anonymous_13)
FNDA:0,(anonymous_14)
FNDA:0,(anonymous_15)
FNDA:0,(anonymous_16)
FNDA:0,(anonymous_17)
FNDA:0,(anonymous_18)
FNDA:0,(anonymous_19)
FNDA:0,(anonymous_20)
FNDA:0,(anonymous_21)
FNDA:0,(anonymous_22)
FNDA:0,(anonymous_23)
FNDA:0,(anonymous_24)
FNDA:0,(anonymous_25)
FNDA:0,(anonymous_26)
FNDA:0,(anonymous_27)
FNDA:0,(anonymous_28)
FNDA:0,(anonymous_29)
FNDA:0,(anonymous_30)
FNDA:0,(anonymous_31)
FNDA:0,(anonymous_32)
FNDA:0,(anonymous_33)
FNDA:0,(anonymous_34)
FNDA:0,(anonymous_35)
FNDA:0,(anonymous_36)
FNDA:0,(anonymous_37)
FNDA:0,(anonymous_38)
FNDA:0,(anonymous_39)
FNDA:0,(anonymous_40)
FNDA:0,(anonymous_41)
FNDA:0,(anonymous_42)
FNDA:0,(anonymous_43)
FNDA:0,(anonymous_44)
FNDA:0,(anonymous_45)
FNDA:0,(anonymous_46)
FNDA:0,(anonymous_47)
FNDA:0,(anonymous_48)
FNDA:0,(anonymous_49)
FNDA:0,(anonymous_50)
FNDA:0,(anonymous_51)
FNDA:0,(anonymous_52)
FNDA:0,(anonymous_53)
FNDA:0,(anonymous_54)
FNDA:0,(anonymous_55)
FNDA:0,(anonymous_56)
FNDA:0,(anonymous_57)
FNDA:0,(anonymous_58)
FNDA:0,(anonymous_59)
FNDA:0,(anonymous_60)
FNDA:0,(anonymous_61)
FNDA:0,(anonymous_62)
FNDA:0,(anonymous_63)
FNDA:0,(anonymous_64)
FNDA:0,(anonymous_65)
FNDA:0,(anonymous_66)
FNDA:0,(anonymous_67)
DA:6,0
DA:7,0
DA:8,0
DA:9,0
DA:148,0
DA:150,0
DA:151,0
DA:152,0
DA:154,0
DA:155,0
DA:156,0
DA:157,0
DA:160,0
DA:161,0
DA:168,0
DA:170,0
DA:171,0
DA:174,0
DA:175,0
DA:180,0
DA:183,0
DA:186,0
DA:193,0
DA:195,0
DA:197,0
DA:198,0
DA:199,0
DA:202,0
DA:203,0
DA:210,0
DA:222,0
DA:223,0
DA:226,0
DA:227,0
DA:230,0
DA:233,0
DA:240,0
DA:241,0
DA:242,0
DA:245,0
DA:246,0
DA:249,0
DA:252,0
DA:259,0
DA:266,0
DA:267,0
DA:270,0
DA:271,0
DA:272,0
DA:273,0
DA:277,0
DA:278,0
DA:279,0
DA:280,0
DA:284,0
DA:285,0
DA:286,0
DA:287,0
DA:291,0
DA:292,0
DA:293,0
DA:296,0
DA:297,0
DA:298,0
DA:299,0
DA:300,0
DA:303,0
DA:315,0
DA:322,0
DA:329,0
DA:330,0
DA:337,0
DA:340,0
DA:341,0
DA:342,0
DA:343,0
DA:346,0
DA:349,0
DA:350,0
DA:351,0
DA:353,0
DA:377,0
DA:380,0
DA:381,0
DA:384,0
DA:387,0
DA:389,0
DA:396,0
DA:397,0
DA:399,0
DA:400,0
DA:401,0
DA:402,0
DA:404,0
DA:405,0
DA:406,0
DA:408,0
DA:409,0
DA:411,0
DA:412,0
DA:414,0
DA:415,0
DA:418,0
DA:419,0
DA:420,0
DA:422,0
DA:431,0
DA:433,0
DA:434,0
DA:441,0
DA:454,0
DA:455,0
DA:457,0
DA:458,0
DA:460,0
DA:461,0
DA:469,0
DA:470,0
DA:471,0
DA:474,0
DA:487,0
DA:488,0
DA:490,0
DA:491,0
DA:492,0
DA:494,0
DA:498,0
DA:499,0
DA:500,0
DA:502,0
DA:515,0
DA:516,0
DA:523,0
DA:524,0
DA:525,0
DA:526,0
DA:528,0
DA:529,0
DA:530,0
DA:533,0
DA:534,0
DA:535,0
DA:537,0
DA:538,0
DA:539,0
DA:541,0
DA:543,0
DA:554,0
DA:557,0
DA:558,0
DA:559,0
DA:560,0
DA:564,0
DA:565,0
DA:566,0
DA:567,0
DA:571,0
DA:572,0
DA:573,0
DA:574,0
DA:578,0
DA:579,0
DA:580,0
DA:581,0
DA:596,0
DA:597,0
DA:602,0
DA:604,0
DA:616,0
DA:617,0
DA:620,0
DA:627,0
DA:628,0
DA:630,0
DA:631,0
DA:632,0
DA:633,0
DA:641,0
DA:643,0
DA:644,0
DA:645,0
DA:646,0
DA:654,0
DA:655,0
DA:659,0
DA:660,0
DA:661,0
DA:663,0
DA:679,0
DA:686,0
DA:688,0
DA:689,0
DA:690,0
DA:692,0
DA:693,0
DA:696,0
DA:697,0
DA:700,0
DA:703,0
DA:710,0
DA:723,0
DA:725,0
DA:726,0
DA:727,0
DA:729,0
DA:730,0
DA:733,0
DA:734,0
DA:737,0
DA:740,0
DA:747,0
DA:760,0
DA:762,0
DA:764,0
DA:767,0
DA:774,0
DA:787,0
DA:788,0
DA:796,0
DA:797,0
DA:804,0
DA:813,0
DA:814,0
DA:822,0
DA:824,0
DA:825,0
DA:826,0
DA:828,0
DA:835,0
DA:836,0
DA:843,0
DA:847,0
LF:232
LH:0
BRDA:168,0,0,0
BRDA:193,1,0,0
BRDA:197,2,0,0
BRDA:213,3,0,0
BRDA:213,3,1,0
BRDA:214,4,0,0
BRDA:214,4,1,0
BRDA:215,5,0,0
BRDA:215,5,1,0
BRDA:218,6,0,0
BRDA:218,6,1,0
BRDA:219,7,0,0
BRDA:219,7,1,0
BRDA:226,8,0,0
BRDA:241,9,0,0
BRDA:241,9,1,0
BRDA:242,10,0,0
BRDA:242,10,1,0
BRDA:245,11,0,0
BRDA:272,12,0,0
BRDA:273,13,0,0
BRDA:273,13,1,0
BRDA:279,14,0,0
BRDA:280,15,0,0
BRDA:280,15,1,0
[...]
DA:427,0
DA:434,0
DA:436,0
DA:451,0
DA:453,0
DA:471,0
DA:473,0
DA:475,0
DA:481,0
DA:491,0
DA:493,0
DA:503,0
DA:505,0
DA:506,0
DA:507,0
DA:508,0
DA:511,0
DA:521,0
DA:523,0
DA:536,0
DA:539,0
DA:540,0
DA:542,0
DA:554,0
DA:556,0
DA:569,0
DA:570,0
DA:571,0
DA:584,0
DA:591,0
DA:592,0
DA:593,0
DA:594,0
DA:595,0
DA:596,0
DA:599,0
DA:600,0
DA:601,0
DA:602,0
DA:604,0
DA:609,0
DA:610,0
DA:611,0
DA:612,0
DA:613,0
DA:614,0
DA:618,0
DA:619,0
DA:620,0
DA:621,0
DA:623,0
DA:625,0
DA:629,0
DA:630,0
DA:631,0
DA:632,0
DA:636,0
DA:637,0
DA:638,0
DA:639,0
DA:642,0
DA:644,0
DA:660,0
DA:756,0
DA:764,0
DA:767,0
DA:768,0
DA:772,0
DA:773,0
DA:774,0
DA:776,0
DA:779,0
DA:789,0
DA:790,0
DA:794,0
LF:220
LH:0
BRDA:145,0,0,0
BRDA:145,0,1,0
BRDA:145,0,2,0
BRDA:145,0,3,0
BRDA:145,0,4,0
BRDA:145,0,5,0
BRDA:193,1,0,0
BRDA:193,1,1,0
BRDA:203,2,0,0
BRDA:203,2,1,0
BRDA:214,3,0,0
BRDA:214,3,1,0
BRDA:215,4,0,0
BRDA:215,4,1,0
BRDA:216,5,0,0
BRDA:216,5,1,0
BRDA:240,6,0,0
BRDA:240,6,1,0
BRDA:265,7,0,0
BRDA:265,7,1,0
BRDA:272,8,0,0
BRDA:282,9,0,0
BRDA:282,9,1,0
BRDA:283,10,0,0
BRDA:283,10,1,0
BRDA:283,11,0,0
BRDA:283,11,1,0
BRDA:284,12,0,0
BRDA:284,12,1,0
BRDA:296,13,0,0
BRDA:297,14,0,0
BRDA:297,14,1,0
BRDA:299,15,0,0
BRDA:299,15,1,0
BRDA:315,16,0,0
BRDA:315,16,1,0
BRDA:333,17,0,0
BRDA:344,18,0,0
BRDA:350,19,0,0
BRDA:350,19,1,0
BRDA:358,20,0,0
BRDA:369,21,0,0
BRDA:381,22,0,0
BRDA:381,23,0,0
BRDA:381,23,1,0
BRDA:388,24,0,0
BRDA:398,25,0,0
BRDA:407,26,0,0
BRDA:417,27,0,0
BRDA:443,28,0,0
BRDA:443,28,1,0
BRDA:443,29,0,0
BRDA:443,29,1,0
BRDA:451,30,0,0
BRDA:471,31,0,0
BRDA:491,32,0,0
BRDA:503,33,0,0
BRDA:521,34,0,0
BRDA:539,35,0,0
BRDA:569,36,0,0
BRDA:599,37,0,0
BRDA:601,38,0,0
BRDA:601,38,1,0
BRDA:609,39,0,0
BRDA:618,40,0,0
BRDA:620,41,0,0
BRDA:620,41,1,0
BRDA:629,42,0,0
BRDA:636,43,0,0
BRDA:642,44,0,0
BRDA:642,44,1,0
BRDA:756,45,0,0
BRDA:756,45,1,0
BRDA:768,46,0,0
BRDA:768,46,1,0
BRDA:773,47,0,0
BRF:76
BRH:0
end_of_record
TN:
SF:src/security/security-scanner.ts
FN:150,(anonymous_9)
FN:159,(anonymous_10)
FN:194,(anonymous_11)
FN:208,(anonymous_12)
FN:211,(anonymous_13)
FN:212,(anonymous_14)
FN:213,(anonymous_15)
FN:238,(anonymous_16)
FN:270,(anonymous_17)
FN:295,(anonymous_18)
FN:314,(anonymous_19)
FN:334,(anonymous_20)
FN:371,(anonymous_21)
FN:395,(anonymous_22)
FN:429,(anonymous_23)
FN:435,(anonymous_24)
FN:437,(anonymous_25)
FN:445,(anonymous_26)
FN:457,(anonymous_27)
FN:465,(anonymous_28)
FN:515,(anonymous_29)
FN:547,(anonymous_30)
FN:607,(anonymous_31)
FN:629,(anonymous_32)
FN:641,(anonymous_33)
FN:662,(anonymous_34)
FN:686,(anonymous_35)
FN:707,(anonymous_36)
FN:725,(anonymous_37)
FN:733,(anonymous_38)
FN:761,(anonymous_39)
FN:766,(anonymous_40)
FN:795,(anonymous_41)
FN:800,(anonymous_42)
FN:829,(anonymous_43)
FN:858,(anonymous_44)
FN:865,(anonymous_45)
FN:872,(anonymous_46)
FNF:38
FNH:0
FNDA:0,(anonymous_9)
FNDA:0,(anonymous_10)
FNDA:0,(anonymous_11)
FNDA:0,(anonymous_12)
FNDA:0,(anonymous_13)
FNDA:0,(anonymous_14)
FNDA:0,(anonymous_15)
FNDA:0,(anonymous_16)
FNDA:0,(anonymous_17)
FNDA:0,(anonymous_18)
FNDA:0,(anonymous_19)
FNDA:0,(anonymous_20)
FNDA:0,(anonymous_21)
FNDA:0,(anonymous_22)
FNDA:0,(anonymous_23)
FNDA:0,(anonymous_24)
FNDA:0,(anonymous_25)
FNDA:0,(anonymous_26)
FNDA:0,(anonymous_27)
FNDA:0,(anonymous_28)
FNDA:0,(anonymous_29)
FNDA:0,(anonymous_30)
FNDA:0,(anonymous_31)
FNDA:0,(anonymous_32)
FNDA:0,(anonymous_33)
FNDA:0,(anonymous_34)
FNDA:0,(anonymous_35)
FNDA:0,(anonymous_36)
FNDA:0,(anonymous_37)
FNDA:0,(anonymous_38)
FNDA:0,(anonymous_39)
FNDA:0,(anonymous_40)
FNDA:0,(anonymous_41)
FNDA:0,(anonymous_42)
FNDA:0,(anonymous_43)
FNDA:0,(anonymous_44)
FNDA:0,(anonymous_45)
FNDA:0,(anonymous_46)
DA:6,0
DA:7,0
DA:8,0
DA:9,0
DA:11,0
DA:145,0
DA:146,0
DA:147,0
DA:151,0
DA:152,0
DA:153,0
DA:160,0
DA:161,0
DA:163,0
DA:165,0
DA:169,0
DA:170,0
DA:174,0
DA:177,0
DA:180,0
DA:182,0
DA:183,0
DA:186,0
DA:187,0
DA:195,0
DA:196,0
DA:198,0
DA:199,0
DA:202,0
DA:210,0
DA:211,0
DA:212,0
DA:213,0
DA:216,0
DA:217,0
DA:220,0
DA:223,0
DA:224,0
DA:228,0
DA:229,0
DA:232,0
DA:243,0
DA:245,0
DA:247,0
DA:248,0
DA:255,0
DA:256,0
DA:257,0
DA:258,0
DA:259,0
DA:261,0
DA:277,0
DA:280,0
DA:281,0
DA:285,0
DA:286,0
DA:289,0
DA:296,0
DA:298,0
DA:299,0
DA:315,0
DA:318,0
DA:339,0
DA:340,0
DA:343,0
DA:346,0
DA:349,0
DA:351,0
DA:372,0
DA:380,0
DA:395,0
DA:396,0
DA:397,0
DA:398,0
DA:399,0
DA:405,0
DA:413,0
DA:414,0
DA:417,0
DA:430,0
DA:431,0
DA:433,0
DA:435,0
DA:436,0
DA:437,0
DA:438,0
DA:444,0
DA:445,0
DA:447,0
DA:450,0
DA:453,0
DA:457,0
DA:469,0
DA:471,0
DA:474,0
DA:483,0
DA:492,0
DA:501,0
DA:509,0
DA:516,0
DA:518,0
DA:519,0
DA:523,0
DA:525,0
DA:526,0
DA:528,0
DA:529,0
DA:531,0
DA:532,0
DA:534,0
DA:535,0
DA:537,0
DA:540,0
DA:541,0
DA:548,0
DA:550,0
DA:607,0
DA:630,0
DA:641,0
DA:656,0
DA:663,0
DA:665,0
DA:686,0
DA:708,0
DA:711,0
DA:713,0
DA:716,0
DA:718,0
DA:727,0
DA:734,0
DA:736,0
DA:737,0
DA:751,0
DA:755,0
DA:762,0
DA:763,0
DA:765,0
DA:766,0
DA:767,0
DA:768,0
DA:785,0
DA:789,0
DA:796,0
DA:799,0
DA:800,0
DA:801,0
DA:802,0
DA:818,0
DA:823,0
DA:830,0
DA:832,0
DA:833,0
DA:834,0
DA:835,0
DA:850,0
DA:859,0
DA:866,0
DA:873,0
DA:877,0
LF:159
LH:0
BRDA:169,0,0,0
BRDA:198,1,0,0
BRDA:198,2,0,0
BRDA:198,2,1,0
BRDA:216,3,0,0
BRDA:223,4,0,0
BRDA:228,5,0,0
BRDA:243,6,0,0
BRDA:280,7,0,0
BRDA:285,8,0,0
BRDA:298,9,0,0
BRDA:398,10,0,0
BRDA:414,11,0,0
BRDA:414,11,1,0
BRDA:433,12,0,0
BRDA:436,13,0,0
BRDA:438,14,0,0
BRDA:450,15,0,0
BRDA:450,15,1,0
BRDA:469,16,0,0
BRDA:469,17,0,0
BRDA:469,17,1,0
BRDA:523,18,0,0
BRDA:523,18,1,0
BRDA:523,18,2,0
BRDA:523,18,3,0
BRDA:523,18,4,0
BRDA:614,19,0,0
BRDA:614,19,1,0
BRDA:697,20,0,0
BRDA:697,20,1,0
BRDA:708,21,0,0
BRDA:708,21,1,0
BRDA:708,21,2,0
BRDA:708,21,3,0
BRDA:708,21,4,0
BRDA:708,21,5,0
BRDA:736,22,0,0
BRDA:736,23,0,0
BRDA:736,23,1,0
BRDA:765,24,0,0
BRDA:767,25,0,0
BRDA:767,26,0,0
BRDA:767,26,1,0
BRDA:799,27,0,0
BRDA:801,28,0,0
BRDA:801,29,0,0
BRDA:801,29,1,0
BRDA:832,30,0,0
BRDA:834,31,0,0
BRDA:834,32,0,0
BRDA:834,32,1,0
BRF:52
BRH:0
end_of_record
TN:
SF:src/validation/code-quality-validator.ts
FN:101,(anonymous_1)
FN:125,(anonymous_2)
FN:154,(anonymous_3)
FN:219,(anonymous_4)
FN:278,(anonymous_5)
FN:319,(anonymous_6)
FN:359,(anonymous_7)
FN:380,(anonymous_8)
FN:393,(anonymous_9)
FN:410,(anonymous_10)
FN:421,(anonymous_11)
FN:428,(anonymous_12)
FN:429,(anonymous_13)
FN:434,(anonymous_14)
FN:435,(anonymous_15)
FN:467,(anonymous_16)
FN:501,(anonymous_17)
FN:523,(anonymous_18)
FN:541,(anonymous_19)
FN:559,(anonymous_20)
FN:566,(anonymous_21)
FN:573,(anonymous_22)
FNF:22
FNH:0
FNDA:0,(anonymous_1)
FNDA:0,(anonymous_2)
FNDA:0,(anonymous_3)
FNDA:0,(anonymous_4)
FNDA:0,(anonymous_5)
FNDA:0,(anonymous_6)
FNDA:0,(anonymous_7)
FNDA:0,(anonymous_8)
FNDA:0,(anonymous_9)
FNDA:0,(anonymous_10)
FNDA:0,(anonymous_11)
FNDA:0,(anonymous_12)
FNDA:0,(anonymous_13)
FNDA:0,(anonymous_14)
FNDA:0,(anonymous_15)
FNDA:0,(anonymous_16)
FNDA:0,(anonymous_17)
FNDA:0,(anonymous_18)
FNDA:0,(anonymous_19)
FNDA:0,(anonymous_20)
FNDA:0,(anonymous_21)
FNDA:0,(anonymous_22)
DA:6,0
DA:7,0
DA:8,0
DA:9,0
DA:96,0
DA:102,0
DA:110,0
DA:117,0
DA:126,0
DA:132,0
DA:133,0
DA:134,0
DA:136,0
DA:144,0
DA:145,0
DA:148,0
DA:155,0
DA:156,0
DA:159,0
DA:160,0
DA:161,0
DA:162,0
DA:164,0
DA:176,0
DA:178,0
DA:179,0
DA:180,0
DA:181,0
DA:183,0
DA:184,0
DA:186,0
DA:187,0
DA:188,0
DA:189,0
DA:192,0
DA:201,0
DA:202,0
DA:203,0
DA:204,0
DA:208,0
DA:220,0
DA:221,0
DA:222,0
DA:223,0
DA:225,0
DA:226,0
DA:228,0
DA:229,0
DA:230,0
DA:240,0
DA:241,0
DA:242,0
DA:243,0
DA:244,0
DA:245,0
DA:251,0
DA:252,0
DA:255,0
DA:266,0
DA:279,0
DA:280,0
DA:281,0
DA:283,0
DA:284,0
DA:285,0
DA:286,0
DA:291,0
DA:292,0
DA:294,0
DA:295,0
DA:299,0
DA:300,0
DA:305,0
DA:309,0
DA:324,0
DA:325,0
DA:327,0
DA:329,0
DA:330,0
DA:333,0
DA:334,0
DA:335,0
DA:336,0
DA:340,0
DA:346,0
DA:352,0
DA:360,0
DA:362,0
DA:365,0
DA:366,0
DA:367,0
DA:368,0
DA:369,0
DA:370,0
DA:373,0
DA:374,0
DA:375,0
DA:376,0
DA:378,0
DA:379,0
DA:380,0
DA:381,0
DA:386,0
DA:387,0
DA:388,0
DA:389,0
DA:391,0
DA:392,0
DA:393,0
DA:394,0
DA:397,0
DA:398,0
DA:403,0
DA:404,0
DA:405,0
DA:406,0
DA:408,0
DA:409,0
DA:410,0
DA:411,0
DA:415,0
DA:427,0
DA:428,0
DA:429,0
DA:433,0
DA:434,0
DA:435,0
DA:438,0
DA:441,0
DA:444,0
DA:445,0
DA:446,0
DA:449,0
DA:450,0
DA:453,0
DA:455,0
DA:468,0
DA:502,0
DA:524,0
DA:542,0
DA:544,0
DA:546,0
DA:548,0
DA:550,0
DA:552,0
DA:560,0
DA:567,0
DA:574,0
DA:577,0
DA:578,0
DA:586,0
DA:587,0
LF:152
LH:0
BRDA:101,0,0,0
BRDA:112,1,0,0
BRDA:112,1,1,0
BRDA:113,2,0,0
BRDA:113,2,1,0
BRDA:118,3,0,0
BRDA:118,3,1,0
BRDA:134,4,0,0
BRDA:134,4,1,0
BRDA:134,4,2,0
BRDA:144,5,0,0
BRDA:168,6,0,0
BRDA:168,6,1,0
BRDA:181,7,0,0
BRDA:181,7,1,0
BRDA:186,8,0,0
BRDA:186,9,0,0
BRDA:186,9,1,0
BRDA:201,10,0,0
BRDA:201,10,1,0
BRDA:203,11,0,0
BRDA:235,12,0,0
BRDA:235,12,1,0
BRDA:240,13,0,0
BRDA:240,13,1,0
BRDA:242,14,0,0
BRDA:243,15,0,0
BRDA:245,16,0,0
BRDA:251,17,0,0
BRDA:251,18,0,0
BRDA:251,18,1,0
BRDA:251,18,2,0
BRDA:259,19,0,0
BRDA:259,19,1,0
BRDA:267,20,0,0
BRDA:267,20,1,0
BRDA:267,20,2,0
BRDA:281,21,0,0
BRDA:281,21,1,0
BRDA:291,22,0,0
BRDA:294,23,0,0
BRDA:374,24,0,0
BRDA:374,24,1,0
BRDA:378,25,0,0
BRDA:387,26,0,0
BRDA:387,26,1,0
BRDA:391,27,0,0
BRDA:394,28,0,0
BRDA:394,28,1,0
BRDA:397,29,0,0
BRDA:404,30,0,0
BRDA:404,30,1,0
BRDA:408,31,0,0
BRDA:542,32,0,0
BRDA:542,32,1,0
BRDA:542,32,2,0
BRDA:542,32,3,0
BRDA:542,32,4,0
BRDA:577,33,0,0
BRDA:581,34,0,0
BRDA:581,34,1,0
BRDA:586,35,0,0
BRF:62
BRH:0
end_of_record
TN:
SF:src/validator/openapi-validator.ts
FN:45,(anonymous_0)
FN:53,(anonymous_1)
FN:103,(anonymous_2)
FN:122,(anonymous_3)
FN:131,(anonymous_4)
FN:140,(anonymous_5)
FN:149,(anonymous_6)
FN:204,(anonymous_7)
FN:258,(anonymous_8)
FN:293,(anonymous_9)
FN:313,(anonymous_10)
FN:358,(anonymous_11)
FN:418,(anonymous_12)
FN:486,(anonymous_13)
FN:520,(anonymous_14)
FN:557,(anonymous_15)
FN:564,(anonymous_16)
FN:566,(anonymous_17)
FN:569,(anonymous_18)
FN:588,(anonymous_19)
FN:613,(anonymous_20)
FN:619,(anonymous_21)
FNF:22
FNH:21
FNDA:26,(anonymous_0)
FNDA:13,(anonymous_1)
FNDA:25,(anonymous_2)
FNDA:4,(anonymous_3)
FNDA:5,(anonymous_4)
FNDA:3,(anonymous_5)
FNDA:2,(anonymous_6)
FNDA:25,(anonymous_7)
FNDA:25,(anonymous_8)
FNDA:0,(anonymous_9)
FNDA:25,(anonymous_10)
FNDA:57,(anonymous_11)
FNDA:25,(anonymous_12)
FNDA:25,(anonymous_13)
FNDA:2,(anonymous_14)
FNDA:27,(anonymous_15)
FNDA:46,(anonymous_16)
FNDA:11,(anonymous_17)
FNDA:88,(anonymous_18)
FNDA:88,(anonymous_19)
FNDA:26,(anonymous_20)
FNDA:25,(anonymous_21)
DA:6,1
DA:41,1
DA:43,26
DA:46,26
DA:47,26
DA:54,13
DA:56,13
DA:57,13
DA:58,1
DA:60,13
DA:61,0
DA:64,13
DA:66,13
DA:67,1
DA:82,12
DA:85,0
DA:105,25
DA:106,25
DA:107,25
DA:110,25
DA:117,25
DA:119,25
DA:120,25
DA:121,4
DA:122,4
DA:123,4
DA:125,25
DA:128,25
DA:129,25
DA:130,5
DA:131,5
DA:132,5
DA:134,25
DA:137,25
DA:138,25
DA:139,3
DA:140,3
DA:141,3
DA:143,25
DA:146,25
DA:147,25
DA:148,2
DA:149,2
DA:150,2
DA:152,25
DA:155,25
DA:156,25
DA:157,25
DA:158,25
DA:159,25
DA:163,25
DA:164,2
DA:165,2
DA:166,2
DA:167,2
DA:171,25
DA:172,25
DA:176,25
DA:191,0
DA:209,25
DA:210,25
DA:213,25
DA:214,0
DA:217,25
DA:218,1
DA:220,24
DA:221,1
DA:223,24
DA:224,1
DA:226,24
DA:227,13
DA:232,25
DA:233,13
DA:235,12
DA:236,12
DA:237,0
DA:239,12
DA:240,12
DA:242,1
DA:248,25
DA:263,25
DA:264,25
DA:266,25
DA:267,3
DA:268,3
DA:271,22
DA:273,22
DA:275,46
DA:276,1
DA:280,46
DA:281,46
DA:282,1
DA:284,46
DA:287,46
DA:288,46
DA:289,46
DA:292,46
DA:293,11
DA:294,0
DA:296,11
DA:297,11
DA:303,22
DA:318,25
DA:319,25
DA:320,25
DA:322,25
DA:324,25
DA:326,25
DA:327,46
DA:329,46
DA:331,46
DA:332,368
DA:333,368
DA:334,57
DA:335,57
DA:338,57
DA:339,46
DA:340,1
DA:345,46
DA:347,11
DA:351,57
DA:352,1
DA:358,56
DA:359,57
DA:361,56
DA:362,2
DA:367,57
DA:368,23
DA:370,23
DA:371,24
DA:372,24
DA:373,0
DA:380,24
DA:381,24
DA:382,23
DA:385,24
DA:386,1
DA:391,24
DA:397,57
DA:398,13
DA:403,46
DA:404,0
DA:408,25
DA:423,25
DA:424,25
DA:426,25
DA:428,25
DA:430,25
DA:431,46
DA:433,46
DA:434,368
DA:435,368
DA:437,56
DA:438,134
DA:440,134
DA:443,134
DA:444,1
DA:451,134
DA:452,1
DA:459,134
DA:460,44
DA:461,88
DA:462,0
DA:466,88
DA:467,88
DA:468,88
DA:476,25
DA:491,25
DA:492,25
DA:493,25
DA:495,25
DA:497,25
DA:498,29
DA:499,29
DA:501,27
DA:502,2
DA:503,1
DA:504,1
DA:506,1
DA:510,2
DA:514,25
DA:525,2
DA:526,2
DA:527,2
DA:530,2
DA:531,1
DA:532,1
DA:536,1
DA:537,1
DA:538,2
DA:539,0
DA:540,0
DA:541,0
DA:544,2
DA:545,0
DA:546,0
DA:551,1
DA:558,27
DA:565,46
DA:566,46
DA:570,88
DA:580,88
DA:589,88
DA:592,88
DA:593,0
DA:600,88
DA:601,0
DA:607,88
DA:615,26
DA:620,25
DA:623,25
DA:624,0
DA:632,24
LF:213
LH:196
BRDA:53,0,0,5
BRDA:57,1,0,1
BRDA:60,2,0,0
BRDA:66,3,0,1
BRDA:66,4,0,13
BRDA:66,4,1,12
BRDA:69,5,0,1
BRDA:69,5,1,0
BRDA:87,6,0,0
BRDA:87,6,1,0
BRDA:103,7,0,10
BRDA:120,8,0,4
BRDA:129,9,0,5
BRDA:138,10,0,3
BRDA:147,11,0,2
BRDA:155,12,0,25
BRDA:155,13,0,25
BRDA:155,13,1,22
BRDA:163,14,0,2
BRDA:179,15,0,7
BRDA:179,15,1,18
BRDA:193,16,0,0
BRDA:193,16,1,0
BRDA:213,17,0,0
BRDA:217,18,0,1
BRDA:217,18,1,24
BRDA:220,19,0,1
BRDA:223,20,0,1
BRDA:226,21,0,13
BRDA:232,22,0,13
BRDA:232,22,1,12
BRDA:232,23,0,25
BRDA:232,23,1,12
BRDA:236,24,0,0
BRDA:236,24,1,12
BRDA:240,25,0,12
BRDA:240,25,1,0
BRDA:266,26,0,3
BRDA:266,27,0,25
BRDA:266,27,1,25
BRDA:275,28,0,1
BRDA:281,29,0,1
BRDA:288,30,0,46
BRDA:288,31,0,46
BRDA:288,31,1,46
BRDA:294,32,0,0
BRDA:294,32,1,0
BRDA:294,32,2,0
BRDA:294,32,3,0
BRDA:296,33,0,11
BRDA:322,34,0,0
BRDA:327,35,0,0
BRDA:327,36,0,46
BRDA:327,36,1,46
BRDA:333,37,0,57
BRDA:338,38,0,46
BRDA:338,38,1,11
BRDA:339,39,0,1
BRDA:351,40,0,1
BRDA:351,40,1,56
BRDA:351,41,0,57
BRDA:351,41,1,56
BRDA:359,42,0,57
BRDA:359,42,1,3
BRDA:361,43,0,2
BRDA:367,44,0,23
BRDA:371,45,0,24
BRDA:371,46,0,24
BRDA:371,46,1,24
BRDA:372,47,0,0
BRDA:381,48,0,23
BRDA:385,49,0,1
BRDA:397,50,0,13
BRDA:397,51,0,57
BRDA:397,51,1,44
BRDA:403,52,0,0
BRDA:426,53,0,0
BRDA:431,54,0,0
BRDA:431,55,0,46
BRDA:431,55,1,46
BRDA:435,56,0,312
BRDA:435,57,0,368
BRDA:435,57,1,57
BRDA:440,58,0,0
BRDA:443,59,0,1
BRDA:443,60,0,134
BRDA:443,60,1,134
BRDA:451,61,0,1
BRDA:459,62,0,44
BRDA:461,63,0,0
BRDA:466,64,0,88
BRDA:466,65,0,88
BRDA:466,65,1,88
BRDA:495,66,0,25
BRDA:495,66,1,22
BRDA:502,67,0,1
BRDA:502,67,1,1
BRDA:510,68,0,2
BRDA:510,68,1,0
BRDA:530,69,0,1
BRDA:530,70,0,2
BRDA:530,70,1,2
BRDA:536,71,0,1
BRDA:538,72,0,0
BRDA:538,73,0,2
BRDA:538,73,1,2
BRDA:544,74,0,0
BRDA:566,75,0,11
BRDA:566,75,1,35
BRDA:580,76,0,88
BRDA:580,76,1,0
BRDA:580,76,2,0
BRDA:580,76,3,0
BRDA:580,76,4,0
BRDA:580,76,5,0
BRDA:592,77,0,0
BRDA:592,78,0,88
BRDA:592,78,1,22
BRDA:600,79,0,0
BRDA:600,80,0,88
BRDA:600,80,1,22
BRDA:623,81,0,0
BRDA:623,82,0,25
BRDA:623,82,1,23
BRF:124
BRH:92
end_of_record
TN:
SF:src/watch/watch-mode-manager.ts
FN:75,(anonymous_1)
FN:94,(anonymous_2)
FN:131,(anonymous_3)
FN:169,(anonymous_4)
FN:179,(anonymous_5)
FN:189,(anonymous_6)
FN:242,(anonymous_7)
FN:265,(anonymous_8)
FN:266,(anonymous_9)
FN:267,(anonymous_10)
FN:268,(anonymous_11)
FN:269,(anonymous_12)
FN:270,(anonymous_13)
FN:271,(anonymous_14)
FN:277,(anonymous_15)
FN:321,(anonymous_16)
FN:334,(anonymous_17)
FN:347,(anonymous_18)
FN:353,(anonymous_19)
FN:395,(anonymous_20)
FN:422,(anonymous_21)
FN:427,(anonymous_22)
FN:429,(anonymous_23)
FN:439,(anonymous_24)
FN:441,(anonymous_25)
FN:463,(anonymous_26)
FN:493,(anonymous_27)
FN:526,(anonymous_28)
FN:564,(anonymous_29)
FN:586,(anonymous_30)
FN:612,(anonymous_31)
FN:622,(anonymous_32)
FN:646,(anonymous_33)
FN:660,(anonymous_34)
FN:674,(anonymous_35)
FN:688,(anonymous_36)
FN:711,(anonymous_37)
FN:732,(anonymous_38)
FN:753,(anonymous_39)
FN:760,(anonymous_40)
FN:767,(anonymous_41)
FN:781,(anonymous_42)
FN:789,(anonymous_43)
FN:796,(anonymous_44)
FN:803,(anonymous_45)
FN:810,(anonymous_46)
FNF:46
FNH:0
FNDA:0,(anonymous_1)
FNDA:0,(anonymous_2)
FNDA:0,(anonymous_3)
FNDA:0,(anonymous_4)
FNDA:0,(anonymous_5)
FNDA:0,(anonymous_6)
FNDA:0,(anonymous_7)
FNDA:0,(anonymous_8)
FNDA:0,(anonymous_9)
FNDA:0,(anonymous_10)
FNDA:0,(anonymous_11)
FNDA:0,(anonymous_12)
FNDA:0,(anonymous_13)
FNDA:0,(anonymous_14)
FNDA:0,(anonymous_15)
FNDA:0,(anonymous_16)
FNDA:0,(anonymous_17)
FNDA:0,(anonymous_18)
FNDA:0,(anonymous_19)
FNDA:0,(anonymous_20)
FNDA:0,(anonymous_21)
FNDA:0,(anonymous_22)
FNDA:0,(anonymous_23)
FNDA:0,(anonymous_24)
FNDA:0,(anonymous_25)
FNDA:0,(anonymous_26)
FNDA:0,(anonymous_27)
FNDA:0,(anonymous_28)
FNDA:0,(anonymous_29)
FNDA:0,(anonymous_30)
FNDA:0,(anonymous_31)
FNDA:0,(anonymous_32)
FNDA:0,(anonymous_33)
FNDA:0,(anonymous_34)
FNDA:0,(anonymous_35)
FNDA:0,(anonymous_36)
FNDA:0,(anonymous_37)
FNDA:0,(anonymous_38)
FNDA:0,(anonymous_39)
FNDA:0,(anonymous_40)
FNDA:0,(anonymous_41)
FNDA:0,(anonymous_42)
FNDA:0,(anonymous_43)
FNDA:0,(anonymous_44)
FNDA:0,(anonymous_45)
FNDA:0,(anonymous_46)
DA:6,0
DA:7,0
DA:8,0
DA:9,0
DA:13,0
DA:61,0
DA:67,0
DA:68,0
DA:72,0
DA:73,0
DA:81,0
DA:83,0
DA:84,0
DA:85,0
DA:86,0
DA:87,0
DA:88,0
DA:95,0
DA:96,0
DA:97,0
DA:100,0
DA:101,0
DA:104,0
DA:107,0
DA:110,0
DA:112,0
DA:118,0
DA:119,0
DA:123,0
DA:124,0
DA:132,0
DA:133,0
DA:136,0
DA:137,0
DA:140,0
DA:141,0
DA:142,0
DA:146,0
DA:147,0
DA:148,0
DA:152,0
DA:154,0
DA:157,0
DA:161,0
DA:162,0
DA:170,0
DA:171,0
DA:172,0
DA:180,0
DA:181,0
DA:182,0
DA:190,0
DA:191,0
DA:192,0
DA:195,0
DA:196,0
DA:197,0
DA:199,0
DA:207,0
DA:208,0
DA:210,0
DA:213,0
DA:214,0
DA:216,0
DA:224,0
DA:226,0
DA:231,0
DA:232,0
DA:235,0
DA:243,0
DA:261,0
DA:264,0
DA:265,0
DA:266,0
DA:267,0
DA:268,0
DA:269,0
DA:270,0
DA:271,0
DA:282,0
DA:290,0
DA:291,0
DA:295,0
DA:298,0
DA:299,0
DA:302,0
DA:305,0
DA:308,0
DA:309,0
DA:313,0
DA:314,0
DA:322,0
DA:328,0
DA:335,0
DA:336,0
DA:339,0
DA:340,0
DA:344,0
DA:345,0
DA:347,0
DA:358,0
DA:360,0
DA:361,0
DA:362,0
DA:365,0
DA:366,0
DA:368,0
DA:369,0
DA:370,0
DA:373,0
DA:376,0
DA:384,0
DA:386,0
DA:387,0
DA:396,0
DA:398,0
DA:400,0
DA:401,0
DA:402,0
DA:403,0
DA:406,0
DA:407,0
DA:408,0
DA:409,0
DA:412,0
DA:413,0
DA:414,0
DA:415,0
DA:423,0
DA:424,0
DA:427,0
DA:428,0
DA:429,0
DA:430,0
DA:440,0
DA:441,0
DA:443,0
DA:449,0
DA:451,0
DA:452,0
DA:454,0
DA:455,0
DA:460,0
DA:463,0
DA:465,0
DA:473,0
DA:481,0
DA:482,0
DA:483,0
DA:484,0
DA:485,0
DA:487,0
DA:494,0
DA:499,0
DA:501,0
DA:508,0
DA:509,0
DA:512,0
DA:513,0
DA:514,0
DA:517,0
DA:518,0
DA:523,0
DA:526,0
DA:528,0
DA:529,0
DA:537,0
DA:545,0
DA:548,0
DA:549,0
DA:550,0
DA:551,0
DA:553,0
DA:565,0
DA:566,0
DA:568,0
DA:569,0
DA:570,0
DA:571,0
DA:572,0
DA:578,0
DA:587,0
DA:589,0
DA:591,0
DA:592,0
DA:593,0
DA:595,0
DA:596,0
DA:597,0
DA:598,0
DA:599,0
DA:606,0
DA:613,0
DA:615,0
DA:616,0
DA:618,0
DA:619,0
DA:622,0
DA:623,0
DA:625,0
DA:628,0
DA:629,0
DA:630,0
DA:631,0
DA:632,0
DA:633,0
DA:640,0
DA:649,0
DA:661,0
DA:675,0
DA:689,0
DA:691,0
DA:692,0
DA:693,0
DA:695,0
DA:696,0
DA:697,0
DA:699,0
DA:702,0
DA:703,0
DA:704,0
DA:712,0
DA:714,0
DA:720,0
DA:721,0
DA:722,0
DA:725,0
DA:733,0
DA:735,0
DA:736,0
DA:737,0
DA:739,0
DA:740,0
DA:741,0
DA:743,0
DA:746,0
DA:754,0
DA:761,0
DA:768,0
DA:782,0
DA:783,0
DA:790,0
DA:797,0
DA:804,0
DA:811,0
LF:245
LH:0
BRDA:95,0,0,0
BRDA:120,1,0,0
BRDA:120,1,1,0
BRDA:132,2,0,0
BRDA:140,3,0,0
BRDA:146,4,0,0
BRDA:158,5,0,0
BRDA:158,5,1,0
BRDA:170,6,0,0
BRDA:180,7,0,0
BRDA:189,8,0,0
BRDA:190,9,0,0
BRDA:190,10,0,0
BRDA:190,10,1,0
BRDA:201,11,0,0
BRDA:201,11,1,0
BRDA:207,12,0,0
BRDA:207,12,1,0
BRDA:207,13,0,0
BRDA:207,13,1,0
BRDA:220,14,0,0
BRDA:220,14,1,0
BRDA:227,15,0,0
BRDA:227,15,1,0
BRDA:290,16,0,0
BRDA:308,17,0,0
BRDA:313,18,0,0
BRDA:339,19,0,0
BRDA:360,20,0,0
BRDA:360,21,0,0
BRDA:360,21,1,0
BRDA:365,22,0,0
BRDA:365,23,0,0
BRDA:365,23,1,0
BRDA:365,23,2,0
BRDA:378,24,0,0
BRDA:378,24,1,0
BRDA:380,25,0,0
BRDA:380,25,1,0
BRDA:386,26,0,0
BRDA:398,27,0,0
BRDA:398,27,1,0
BRDA:398,27,2,0
BRDA:423,28,0,0
BRDA:428,29,0,0
BRDA:428,30,0,0
BRDA:428,30,1,0
BRDA:463,31,0,0
BRDA:463,31,1,0
BRDA:463,32,0,0
BRDA:463,32,1,0
BRDA:475,33,0,0
BRDA:475,33,1,0
BRDA:513,34,0,0
BRDA:526,35,0,0
BRDA:526,35,1,0
BRDA:526,36,0,0
BRDA:526,36,1,0
BRDA:539,37,0,0
BRDA:539,37,1,0
BRDA:568,38,0,0
BRDA:595,39,0,0
BRDA:595,39,1,0
BRDA:597,40,0,0
BRDA:597,41,0,0
BRDA:597,41,1,0
BRDA:622,42,0,0
BRDA:628,43,0,0
BRDA:628,43,1,0
BRDA:630,44,0,0
BRDA:630,45,0,0
BRDA:630,45,1,0
BRDA:689,46,0,0
BRDA:689,46,1,0
BRDA:695,47,0,0
BRDA:725,48,0,0
BRDA:725,48,1,0
BRDA:740,49,0,0
BRDA:740,49,1,0
BRDA:741,50,0,0
BRDA:741,50,1,0
BRF:81
BRH:0
end_of_record
